{"numFailedTestSuites":1,"numFailedTests":0,"numPassedTestSuites":0,"numPassedTests":0,"numPendingTestSuites":0,"numPendingTests":0,"numRuntimeErrorTestSuites":1,"numTodoTests":0,"numTotalTestSuites":1,"numTotalTests":0,"openHandles":[],"snapshot":{"added":0,"didUpdate":false,"failure":false,"filesAdded":0,"filesRemoved":0,"filesRemovedList":[],"filesUnmatched":0,"filesUpdated":0,"matched":0,"total":0,"unchecked":0,"uncheckedKeysByFile":[],"unmatched":0,"updated":0},"startTime":1752666522261,"success":false,"testResults":[{"assertionResults":[],"coverage":{},"endTime":1752666522771,"message":"  ● Test suite failed to run\n\n    Cannot find module 'emailjs-com' from 'src/lib/__tests__/global-messaging.test.ts'\n\n      3 |\n      4 | // Mock EmailJS for testing\n    > 5 | jest.mock('emailjs-com', () => ({\n        |      ^\n      6 |   init: jest.fn(),\n      7 |   send: jest.fn(),\n      8 | }));\n\n      at Resolver._throwModNotFoundError (node_modules/jest-resolve/build/resolver.js:427:11)\n      at Object.mock (src/lib/__tests__/global-messaging.test.ts:5:6)\n","name":"/Users/JackEllis/MSA SITE/src/lib/__tests__/global-messaging.test.ts","startTime":1752666522771,"status":"failed","summary":""}],"wasInterrupted":false}
