<testsuites id="" name="" tests="306" failures="66" skipped="167" errors="0" time="689.756076">
<testsuite name="admin.spec.ts" timestamp="2025-08-18T17:57:08.474Z" hostname="desktop" tests="13" failures="2" skipped="8" time="87.28" errors="0">
<testcase name="Admin Panel Tests › Admin Authentication › should redirect to admin login when accessing admin dashboard without authentication" classname="admin.spec.ts" time="36.381">
<failure message="admin.spec.ts:13:9 should redirect to admin login when accessing admin dashboard without authentication" type="FAILURE">
<![CDATA[  [desktop] › admin.spec.ts:13:9 › Admin Panel Tests › Admin Authentication › should redirect to admin login when accessing admin dashboard without authentication 

    Error: Timed out 15000ms waiting for expect(locator).toHaveURL(expected)

    Locator: locator(':root')
    Expected pattern: /\/admin\/login$/
    Received string:  "http://localhost:3000/admin/dashboard"
    Call log:
      - Expect "toHaveURL" with timeout 15000ms
      - waiting for locator(':root')
        19 × locator resolved to <html lang="en">…</html>
           - unexpected value "http://localhost:3000/admin/dashboard"


      15 |       
      16 |       // Should redirect to admin login
    > 17 |       await expect(page).toHaveURL(/\/admin\/login$/);
         |                          ^
      18 |       
      19 |       // Check for login form elements
      20 |       const loginHeading = page.getByRole('heading', { name: /admin access/i })
        at /Users/JackEllis/MSA SITE/e2e/admin.spec.ts:17:26

    attachment #1: screenshot (image/png) ──────────────────────────────────────────────────────────
    test-results/admin-Admin-Panel-Tests-Ad-a1c86-oard-without-authentication-desktop/test-failed-1.png
    ────────────────────────────────────────────────────────────────────────────────────────────────

    attachment #2: video (video/webm) ──────────────────────────────────────────────────────────────
    test-results/admin-Admin-Panel-Tests-Ad-a1c86-oard-without-authentication-desktop/video.webm
    ────────────────────────────────────────────────────────────────────────────────────────────────

    Retry #1 ───────────────────────────────────────────────────────────────────────────────────────

    Error: Timed out 15000ms waiting for expect(locator).toHaveURL(expected)

    Locator: locator(':root')
    Expected pattern: /\/admin\/login$/
    Received string:  "http://localhost:3000/admin/dashboard"
    Call log:
      - Expect "toHaveURL" with timeout 15000ms
      - waiting for locator(':root')
        19 × locator resolved to <html lang="en">…</html>
           - unexpected value "http://localhost:3000/admin/dashboard"


      15 |       
      16 |       // Should redirect to admin login
    > 17 |       await expect(page).toHaveURL(/\/admin\/login$/);
         |                          ^
      18 |       
      19 |       // Check for login form elements
      20 |       const loginHeading = page.getByRole('heading', { name: /admin access/i })
        at /Users/JackEllis/MSA SITE/e2e/admin.spec.ts:17:26

    attachment #1: screenshot (image/png) ──────────────────────────────────────────────────────────
    test-results/admin-Admin-Panel-Tests-Ad-a1c86-oard-without-authentication-desktop-retry1/test-failed-1.png
    ────────────────────────────────────────────────────────────────────────────────────────────────

    attachment #2: video (video/webm) ──────────────────────────────────────────────────────────────
    test-results/admin-Admin-Panel-Tests-Ad-a1c86-oard-without-authentication-desktop-retry1/video.webm
    ────────────────────────────────────────────────────────────────────────────────────────────────

    attachment #3: trace (application/zip) ─────────────────────────────────────────────────────────
    test-results/admin-Admin-Panel-Tests-Ad-a1c86-oard-without-authentication-desktop-retry1/trace.zip
    Usage:

        npx playwright show-trace test-results/admin-Admin-Panel-Tests-Ad-a1c86-oard-without-authentication-desktop-retry1/trace.zip

    ────────────────────────────────────────────────────────────────────────────────────────────────
]]>
</failure>
<system-out>
<![CDATA[
[[ATTACHMENT|../test-results/admin-Admin-Panel-Tests-Ad-a1c86-oard-without-authentication-desktop/test-failed-1.png]]

[[ATTACHMENT|../test-results/admin-Admin-Panel-Tests-Ad-a1c86-oard-without-authentication-desktop/video.webm]]

[[ATTACHMENT|../test-results/admin-Admin-Panel-Tests-Ad-a1c86-oard-without-authentication-desktop-retry1/test-failed-1.png]]

[[ATTACHMENT|../test-results/admin-Admin-Panel-Tests-Ad-a1c86-oard-without-authentication-desktop-retry1/video.webm]]

[[ATTACHMENT|../test-results/admin-Admin-Panel-Tests-Ad-a1c86-oard-without-authentication-desktop-retry1/trace.zip]]
]]>
</system-out>
</testcase>
<testcase name="Admin Panel Tests › Admin Authentication › should allow admin login with valid credentials" classname="admin.spec.ts" time="3.736">
<properties>
<property name="skip" value="Admin login form not accessible">
</property>
</properties>
<skipped>
</skipped>
</testcase>
<testcase name="Admin Panel Tests › Admin Authentication › should handle invalid admin credentials" classname="admin.spec.ts" time="3.749">
<properties>
<property name="skip" value="Admin login form not accessible">
</property>
</properties>
<skipped>
</skipped>
</testcase>
<testcase name="Admin Panel Tests › Admin Authentication › should display dashboard overview" classname="admin.spec.ts" time="3.816">
<properties>
<property name="skip" value="Cannot login to admin panel">
</property>
</properties>
<skipped>
</skipped>
</testcase>
<testcase name="Admin Panel Tests › Admin Authentication › should navigate between admin tabs" classname="admin.spec.ts" time="0.515">
<properties>
<property name="skip" value="Cannot login to admin panel">
</property>
</properties>
<skipped>
</skipped>
</testcase>
<testcase name="Admin Panel Tests › Admin Authentication › should display tenant management features" classname="admin.spec.ts" time="0.535">
<properties>
<property name="skip" value="Cannot login to admin panel">
</property>
</properties>
<skipped>
</skipped>
</testcase>
<testcase name="Admin Panel Tests › Admin Authentication › should show property management interface" classname="admin.spec.ts" time="0.517">
<properties>
<property name="skip" value="Cannot login to admin panel">
</property>
</properties>
<skipped>
</skipped>
</testcase>
<testcase name="Admin Panel Tests › Admin Authentication › should handle admin logout" classname="admin.spec.ts" time="0.503">
<properties>
<property name="skip" value="Cannot login to admin panel">
</property>
</properties>
<skipped>
</skipped>
</testcase>
<testcase name="Admin Panel Tests › Admin Session Management › should require authentication for admin routes" classname="admin.spec.ts" time="33.232">
<failure message="admin.spec.ts:206:9 should require authentication for admin routes" type="FAILURE">
<![CDATA[  [desktop] › admin.spec.ts:206:9 › Admin Panel Tests › Admin Session Management › should require authentication for admin routes 

    Error: Timed out 15000ms waiting for expect(locator).toHaveURL(expected)

    Locator: locator(':root')
    Expected pattern: /\/admin\/login$/
    Received string:  "http://localhost:3000/admin/dashboard"
    Call log:
      - Expect "toHaveURL" with timeout 15000ms
      - waiting for locator(':root')
        19 × locator resolved to <html lang="en">…</html>
           - unexpected value "http://localhost:3000/admin/dashboard"


      209 |       
      210 |       // Should redirect to admin login (handle both relative and absolute URLs)
    > 211 |       await expect(page).toHaveURL(/\/admin\/login$/);
          |                          ^
      212 |     });
      213 |
      214 |     test('should maintain admin session across page reloads', async ({ page }) => {
        at /Users/JackEllis/MSA SITE/e2e/admin.spec.ts:211:26

    attachment #1: screenshot (image/png) ──────────────────────────────────────────────────────────
    test-results/admin-Admin-Panel-Tests-Ad-7432d-entication-for-admin-routes-desktop/test-failed-1.png
    ────────────────────────────────────────────────────────────────────────────────────────────────

    attachment #2: video (video/webm) ──────────────────────────────────────────────────────────────
    test-results/admin-Admin-Panel-Tests-Ad-7432d-entication-for-admin-routes-desktop/video.webm
    ────────────────────────────────────────────────────────────────────────────────────────────────

    Retry #1 ───────────────────────────────────────────────────────────────────────────────────────

    Error: Timed out 15000ms waiting for expect(locator).toHaveURL(expected)

    Locator: locator(':root')
    Expected pattern: /\/admin\/login$/
    Received string:  "http://localhost:3000/admin/dashboard"
    Call log:
      - Expect "toHaveURL" with timeout 15000ms
      - waiting for locator(':root')
        18 × locator resolved to <html lang="en">…</html>
           - unexpected value "http://localhost:3000/admin/dashboard"


      209 |       
      210 |       // Should redirect to admin login (handle both relative and absolute URLs)
    > 211 |       await expect(page).toHaveURL(/\/admin\/login$/);
          |                          ^
      212 |     });
      213 |
      214 |     test('should maintain admin session across page reloads', async ({ page }) => {
        at /Users/JackEllis/MSA SITE/e2e/admin.spec.ts:211:26

    attachment #1: screenshot (image/png) ──────────────────────────────────────────────────────────
    test-results/admin-Admin-Panel-Tests-Ad-7432d-entication-for-admin-routes-desktop-retry1/test-failed-1.png
    ────────────────────────────────────────────────────────────────────────────────────────────────

    attachment #2: video (video/webm) ──────────────────────────────────────────────────────────────
    test-results/admin-Admin-Panel-Tests-Ad-7432d-entication-for-admin-routes-desktop-retry1/video.webm
    ────────────────────────────────────────────────────────────────────────────────────────────────

    attachment #3: trace (application/zip) ─────────────────────────────────────────────────────────
    test-results/admin-Admin-Panel-Tests-Ad-7432d-entication-for-admin-routes-desktop-retry1/trace.zip
    Usage:

        npx playwright show-trace test-results/admin-Admin-Panel-Tests-Ad-7432d-entication-for-admin-routes-desktop-retry1/trace.zip

    ────────────────────────────────────────────────────────────────────────────────────────────────
]]>
</failure>
<system-out>
<![CDATA[
[[ATTACHMENT|../test-results/admin-Admin-Panel-Tests-Ad-7432d-entication-for-admin-routes-desktop/test-failed-1.png]]

[[ATTACHMENT|../test-results/admin-Admin-Panel-Tests-Ad-7432d-entication-for-admin-routes-desktop/video.webm]]

[[ATTACHMENT|../test-results/admin-Admin-Panel-Tests-Ad-7432d-entication-for-admin-routes-desktop-retry1/test-failed-1.png]]

[[ATTACHMENT|../test-results/admin-Admin-Panel-Tests-Ad-7432d-entication-for-admin-routes-desktop-retry1/video.webm]]

[[ATTACHMENT|../test-results/admin-Admin-Panel-Tests-Ad-7432d-entication-for-admin-routes-desktop-retry1/trace.zip]]
]]>
</system-out>
</testcase>
<testcase name="Admin Panel Tests › Admin Session Management › should maintain admin session across page reloads" classname="admin.spec.ts" time="0.531">
<properties>
<property name="skip" value="Cannot test session management - login form not accessible">
</property>
</properties>
<skipped>
</skipped>
</testcase>
<testcase name="Contact Form Tests › should validate required fields" classname="admin.spec.ts" time="1.419">
</testcase>
<testcase name="Contact Form Tests › should submit contact form successfully" classname="admin.spec.ts" time="1.344">
</testcase>
<testcase name="Contact Form Mobile Tests › should handle contact form on mobile" classname="admin.spec.ts" time="1.002">
</testcase>
</testsuite>
<testsuite name="auth.spec.ts" timestamp="2025-08-18T17:57:08.474Z" hostname="desktop" tests="11" failures="8" skipped="0" time="267.349" errors="0">
<testcase name="Authentication Tests › User Registration › should display registration form" classname="auth.spec.ts" time="0.984">
</testcase>
<testcase name="Authentication Tests › User Registration › should validate form fields" classname="auth.spec.ts" time="0.488">
</testcase>
<testcase name="Authentication Tests › User Registration › should validate password confirmation" classname="auth.spec.ts" time="1.437">
</testcase>
<testcase name="Authentication Tests › User Login › should display login form" classname="auth.spec.ts" time="32.902">
<failure message="auth.spec.ts:58:9 should display login form" type="FAILURE">
<![CDATA[  [desktop] › auth.spec.ts:58:9 › Authentication Tests › User Login › should display login form ────

    Error: Timed out 15000ms waiting for expect(locator).toBeVisible()

    Locator: getByRole('heading', { name: /welcome back/i })
    Expected: visible
    Received: <element(s) not found>
    Call log:
      - Expect "toBeVisible" with timeout 15000ms
      - waiting for getByRole('heading', { name: /welcome back/i })


      60 |       
      61 |       // Check form elements
    > 62 |       await expect(page.getByRole('heading', { name: /welcome back/i })).toBeVisible();
         |                                                                          ^
      63 |       await expect(page.getByLabel(/email/i)).toBeVisible();
      64 |       await expect(page.getByLabel(/^password$/i)).toBeVisible();
      65 |       
        at /Users/JackEllis/MSA SITE/e2e/auth.spec.ts:62:74

    attachment #1: screenshot (image/png) ──────────────────────────────────────────────────────────
    test-results/auth-Authentication-Tests--5c004-n-should-display-login-form-desktop/test-failed-1.png
    ────────────────────────────────────────────────────────────────────────────────────────────────

    attachment #2: video (video/webm) ──────────────────────────────────────────────────────────────
    test-results/auth-Authentication-Tests--5c004-n-should-display-login-form-desktop/video.webm
    ────────────────────────────────────────────────────────────────────────────────────────────────

    Error Context: ../test-results/auth-Authentication-Tests--5c004-n-should-display-login-form-desktop/error-context.md

    Retry #1 ───────────────────────────────────────────────────────────────────────────────────────

    Error: Timed out 15000ms waiting for expect(locator).toBeVisible()

    Locator: getByRole('heading', { name: /welcome back/i })
    Expected: visible
    Received: <element(s) not found>
    Call log:
      - Expect "toBeVisible" with timeout 15000ms
      - waiting for getByRole('heading', { name: /welcome back/i })


      60 |       
      61 |       // Check form elements
    > 62 |       await expect(page.getByRole('heading', { name: /welcome back/i })).toBeVisible();
         |                                                                          ^
      63 |       await expect(page.getByLabel(/email/i)).toBeVisible();
      64 |       await expect(page.getByLabel(/^password$/i)).toBeVisible();
      65 |       
        at /Users/JackEllis/MSA SITE/e2e/auth.spec.ts:62:74

    attachment #1: screenshot (image/png) ──────────────────────────────────────────────────────────
    test-results/auth-Authentication-Tests--5c004-n-should-display-login-form-desktop-retry1/test-failed-1.png
    ────────────────────────────────────────────────────────────────────────────────────────────────

    attachment #2: video (video/webm) ──────────────────────────────────────────────────────────────
    test-results/auth-Authentication-Tests--5c004-n-should-display-login-form-desktop-retry1/video.webm
    ────────────────────────────────────────────────────────────────────────────────────────────────

    Error Context: ../test-results/auth-Authentication-Tests--5c004-n-should-display-login-form-desktop-retry1/error-context.md

    attachment #4: trace (application/zip) ─────────────────────────────────────────────────────────
    test-results/auth-Authentication-Tests--5c004-n-should-display-login-form-desktop-retry1/trace.zip
    Usage:

        npx playwright show-trace test-results/auth-Authentication-Tests--5c004-n-should-display-login-form-desktop-retry1/trace.zip

    ────────────────────────────────────────────────────────────────────────────────────────────────
]]>
</failure>
<system-out>
<![CDATA[
[[ATTACHMENT|../test-results/auth-Authentication-Tests--5c004-n-should-display-login-form-desktop/test-failed-1.png]]

[[ATTACHMENT|../test-results/auth-Authentication-Tests--5c004-n-should-display-login-form-desktop/video.webm]]

[[ATTACHMENT|../test-results/auth-Authentication-Tests--5c004-n-should-display-login-form-desktop/error-context.md]]

[[ATTACHMENT|../test-results/auth-Authentication-Tests--5c004-n-should-display-login-form-desktop-retry1/test-failed-1.png]]

[[ATTACHMENT|../test-results/auth-Authentication-Tests--5c004-n-should-display-login-form-desktop-retry1/video.webm]]

[[ATTACHMENT|../test-results/auth-Authentication-Tests--5c004-n-should-display-login-form-desktop-retry1/error-context.md]]

[[ATTACHMENT|../test-results/auth-Authentication-Tests--5c004-n-should-display-login-form-desktop-retry1/trace.zip]]
]]>
</system-out>
</testcase>
<testcase name="Authentication Tests › User Login › should handle invalid credentials gracefully" classname="auth.spec.ts" time="32.851">
<failure message="auth.spec.ts:73:9 should handle invalid credentials gracefully" type="FAILURE">
<![CDATA[  [desktop] › auth.spec.ts:73:9 › Authentication Tests › User Login › should handle invalid credentials gracefully 

    TimeoutError: locator.fill: Timeout 15000ms exceeded.
    Call log:
      - waiting for getByLabel(/email/i)


      75 |       
      76 |       // Fill invalid credentials
    > 77 |       await page.getByLabel(/email/i).fill('invalid@example.com');
         |                                       ^
      78 |       await page.getByLabel(/^password$/i).fill('wrongpassword');
      79 |       
      80 |       await page.getByRole('button', { name: 'Sign In', exact: true }).click();
        at /Users/JackEllis/MSA SITE/e2e/auth.spec.ts:77:39

    attachment #1: screenshot (image/png) ──────────────────────────────────────────────────────────
    test-results/auth-Authentication-Tests--6074d-alid-credentials-gracefully-desktop/test-failed-1.png
    ────────────────────────────────────────────────────────────────────────────────────────────────

    attachment #2: video (video/webm) ──────────────────────────────────────────────────────────────
    test-results/auth-Authentication-Tests--6074d-alid-credentials-gracefully-desktop/video.webm
    ────────────────────────────────────────────────────────────────────────────────────────────────

    Error Context: ../test-results/auth-Authentication-Tests--6074d-alid-credentials-gracefully-desktop/error-context.md

    Retry #1 ───────────────────────────────────────────────────────────────────────────────────────

    TimeoutError: locator.fill: Timeout 15000ms exceeded.
    Call log:
      - waiting for getByLabel(/email/i)


      75 |       
      76 |       // Fill invalid credentials
    > 77 |       await page.getByLabel(/email/i).fill('invalid@example.com');
         |                                       ^
      78 |       await page.getByLabel(/^password$/i).fill('wrongpassword');
      79 |       
      80 |       await page.getByRole('button', { name: 'Sign In', exact: true }).click();
        at /Users/JackEllis/MSA SITE/e2e/auth.spec.ts:77:39

    attachment #1: screenshot (image/png) ──────────────────────────────────────────────────────────
    test-results/auth-Authentication-Tests--6074d-alid-credentials-gracefully-desktop-retry1/test-failed-1.png
    ────────────────────────────────────────────────────────────────────────────────────────────────

    attachment #2: video (video/webm) ──────────────────────────────────────────────────────────────
    test-results/auth-Authentication-Tests--6074d-alid-credentials-gracefully-desktop-retry1/video.webm
    ────────────────────────────────────────────────────────────────────────────────────────────────

    Error Context: ../test-results/auth-Authentication-Tests--6074d-alid-credentials-gracefully-desktop-retry1/error-context.md

    attachment #4: trace (application/zip) ─────────────────────────────────────────────────────────
    test-results/auth-Authentication-Tests--6074d-alid-credentials-gracefully-desktop-retry1/trace.zip
    Usage:

        npx playwright show-trace test-results/auth-Authentication-Tests--6074d-alid-credentials-gracefully-desktop-retry1/trace.zip

    ────────────────────────────────────────────────────────────────────────────────────────────────
]]>
</failure>
<system-out>
<![CDATA[
[[ATTACHMENT|../test-results/auth-Authentication-Tests--6074d-alid-credentials-gracefully-desktop/test-failed-1.png]]

[[ATTACHMENT|../test-results/auth-Authentication-Tests--6074d-alid-credentials-gracefully-desktop/video.webm]]

[[ATTACHMENT|../test-results/auth-Authentication-Tests--6074d-alid-credentials-gracefully-desktop/error-context.md]]

[[ATTACHMENT|../test-results/auth-Authentication-Tests--6074d-alid-credentials-gracefully-desktop-retry1/test-failed-1.png]]

[[ATTACHMENT|../test-results/auth-Authentication-Tests--6074d-alid-credentials-gracefully-desktop-retry1/video.webm]]

[[ATTACHMENT|../test-results/auth-Authentication-Tests--6074d-alid-credentials-gracefully-desktop-retry1/error-context.md]]

[[ATTACHMENT|../test-results/auth-Authentication-Tests--6074d-alid-credentials-gracefully-desktop-retry1/trace.zip]]
]]>
</system-out>
</testcase>
<testcase name="Authentication Tests › Authentication Navigation › should redirect to sign-in when accessing protected routes" classname="auth.spec.ts" time="34.862">
<failure message="auth.spec.ts:91:9 should redirect to sign-in when accessing protected routes" type="FAILURE">
<![CDATA[  [desktop] › auth.spec.ts:91:9 › Authentication Tests › Authentication Navigation › should redirect to sign-in when accessing protected routes 

    Error: Timed out 15000ms waiting for expect(locator).toHaveURL(expected)

    Locator: locator(':root')
    Expected pattern: /\/auth\/signin/
    Received string:  "http://localhost:3000/dashboard"
    Call log:
      - Expect "toHaveURL" with timeout 15000ms
      - waiting for locator(':root')
        19 × locator resolved to <html lang="en">…</html>
           - unexpected value "http://localhost:3000/dashboard"


      94 |       
      95 |       // Should redirect to sign-in page (handle both relative and absolute URLs)
    > 96 |       await expect(page).toHaveURL(/\/auth\/signin/);
         |                          ^
      97 |       await expect(page.getByRole('heading', { name: /welcome back/i })).toBeVisible();
      98 |     });
      99 |
        at /Users/JackEllis/MSA SITE/e2e/auth.spec.ts:96:26

    attachment #1: screenshot (image/png) ──────────────────────────────────────────────────────────
    test-results/auth-Authentication-Tests--06b0b--accessing-protected-routes-desktop/test-failed-1.png
    ────────────────────────────────────────────────────────────────────────────────────────────────

    attachment #2: video (video/webm) ──────────────────────────────────────────────────────────────
    test-results/auth-Authentication-Tests--06b0b--accessing-protected-routes-desktop/video.webm
    ────────────────────────────────────────────────────────────────────────────────────────────────

    Retry #1 ───────────────────────────────────────────────────────────────────────────────────────

    Error: Timed out 15000ms waiting for expect(locator).toHaveURL(expected)

    Locator: locator(':root')
    Expected pattern: /\/auth\/signin/
    Received string:  "http://localhost:3000/dashboard"
    Call log:
      - Expect "toHaveURL" with timeout 15000ms
      - waiting for locator(':root')
        18 × locator resolved to <html lang="en">…</html>
           - unexpected value "http://localhost:3000/dashboard"


      94 |       
      95 |       // Should redirect to sign-in page (handle both relative and absolute URLs)
    > 96 |       await expect(page).toHaveURL(/\/auth\/signin/);
         |                          ^
      97 |       await expect(page.getByRole('heading', { name: /welcome back/i })).toBeVisible();
      98 |     });
      99 |
        at /Users/JackEllis/MSA SITE/e2e/auth.spec.ts:96:26

    attachment #1: screenshot (image/png) ──────────────────────────────────────────────────────────
    test-results/auth-Authentication-Tests--06b0b--accessing-protected-routes-desktop-retry1/test-failed-1.png
    ────────────────────────────────────────────────────────────────────────────────────────────────

    attachment #2: video (video/webm) ──────────────────────────────────────────────────────────────
    test-results/auth-Authentication-Tests--06b0b--accessing-protected-routes-desktop-retry1/video.webm
    ────────────────────────────────────────────────────────────────────────────────────────────────

    attachment #3: trace (application/zip) ─────────────────────────────────────────────────────────
    test-results/auth-Authentication-Tests--06b0b--accessing-protected-routes-desktop-retry1/trace.zip
    Usage:

        npx playwright show-trace test-results/auth-Authentication-Tests--06b0b--accessing-protected-routes-desktop-retry1/trace.zip

    ────────────────────────────────────────────────────────────────────────────────────────────────
]]>
</failure>
<system-out>
<![CDATA[
[[ATTACHMENT|../test-results/auth-Authentication-Tests--06b0b--accessing-protected-routes-desktop/test-failed-1.png]]

[[ATTACHMENT|../test-results/auth-Authentication-Tests--06b0b--accessing-protected-routes-desktop/video.webm]]

[[ATTACHMENT|../test-results/auth-Authentication-Tests--06b0b--accessing-protected-routes-desktop-retry1/test-failed-1.png]]

[[ATTACHMENT|../test-results/auth-Authentication-Tests--06b0b--accessing-protected-routes-desktop-retry1/video.webm]]

[[ATTACHMENT|../test-results/auth-Authentication-Tests--06b0b--accessing-protected-routes-desktop-retry1/trace.zip]]
]]>
</system-out>
</testcase>
<testcase name="Authentication Tests › Authentication Navigation › should maintain returnUrl after authentication" classname="auth.spec.ts" time="33.716">
<failure message="auth.spec.ts:100:9 should maintain returnUrl after authentication" type="FAILURE">
<![CDATA[  [desktop] › auth.spec.ts:100:9 › Authentication Tests › Authentication Navigation › should maintain returnUrl after authentication 

    Error: Timed out 15000ms waiting for expect(locator).toHaveURL(expected)

    Locator: locator(':root')
    Expected pattern: /returnUrl=.*dashboard/
    Received string:  "http://localhost:3000/dashboard"
    Call log:
      - Expect "toHaveURL" with timeout 15000ms
      - waiting for locator(':root')
        19 × locator resolved to <html lang="en">…</html>
           - unexpected value "http://localhost:3000/dashboard"


      103 |       
      104 |       // Check that returnUrl is preserved in the URL
    > 105 |       await expect(page).toHaveURL(/returnUrl=.*dashboard/);
          |                          ^
      106 |     });
      107 |
      108 |     test('should navigate between auth pages', async ({ page }) => {
        at /Users/JackEllis/MSA SITE/e2e/auth.spec.ts:105:26

    attachment #1: screenshot (image/png) ──────────────────────────────────────────────────────────
    test-results/auth-Authentication-Tests--c94aa-urnUrl-after-authentication-desktop/test-failed-1.png
    ────────────────────────────────────────────────────────────────────────────────────────────────

    attachment #2: video (video/webm) ──────────────────────────────────────────────────────────────
    test-results/auth-Authentication-Tests--c94aa-urnUrl-after-authentication-desktop/video.webm
    ────────────────────────────────────────────────────────────────────────────────────────────────

    Retry #1 ───────────────────────────────────────────────────────────────────────────────────────

    Error: Timed out 15000ms waiting for expect(locator).toHaveURL(expected)

    Locator: locator(':root')
    Expected pattern: /returnUrl=.*dashboard/
    Received string:  "http://localhost:3000/dashboard"
    Call log:
      - Expect "toHaveURL" with timeout 15000ms
      - waiting for locator(':root')
        18 × locator resolved to <html lang="en">…</html>
           - unexpected value "http://localhost:3000/dashboard"


      103 |       
      104 |       // Check that returnUrl is preserved in the URL
    > 105 |       await expect(page).toHaveURL(/returnUrl=.*dashboard/);
          |                          ^
      106 |     });
      107 |
      108 |     test('should navigate between auth pages', async ({ page }) => {
        at /Users/JackEllis/MSA SITE/e2e/auth.spec.ts:105:26

    attachment #1: screenshot (image/png) ──────────────────────────────────────────────────────────
    test-results/auth-Authentication-Tests--c94aa-urnUrl-after-authentication-desktop-retry1/test-failed-1.png
    ────────────────────────────────────────────────────────────────────────────────────────────────

    attachment #2: video (video/webm) ──────────────────────────────────────────────────────────────
    test-results/auth-Authentication-Tests--c94aa-urnUrl-after-authentication-desktop-retry1/video.webm
    ────────────────────────────────────────────────────────────────────────────────────────────────

    attachment #3: trace (application/zip) ─────────────────────────────────────────────────────────
    test-results/auth-Authentication-Tests--c94aa-urnUrl-after-authentication-desktop-retry1/trace.zip
    Usage:

        npx playwright show-trace test-results/auth-Authentication-Tests--c94aa-urnUrl-after-authentication-desktop-retry1/trace.zip

    ────────────────────────────────────────────────────────────────────────────────────────────────
]]>
</failure>
<system-out>
<![CDATA[
[[ATTACHMENT|../test-results/auth-Authentication-Tests--c94aa-urnUrl-after-authentication-desktop/test-failed-1.png]]

[[ATTACHMENT|../test-results/auth-Authentication-Tests--c94aa-urnUrl-after-authentication-desktop/video.webm]]

[[ATTACHMENT|../test-results/auth-Authentication-Tests--c94aa-urnUrl-after-authentication-desktop-retry1/test-failed-1.png]]

[[ATTACHMENT|../test-results/auth-Authentication-Tests--c94aa-urnUrl-after-authentication-desktop-retry1/video.webm]]

[[ATTACHMENT|../test-results/auth-Authentication-Tests--c94aa-urnUrl-after-authentication-desktop-retry1/trace.zip]]
]]>
</system-out>
</testcase>
<testcase name="Authentication Tests › Authentication Navigation › should navigate between auth pages" classname="auth.spec.ts" time="32.533">
<failure message="auth.spec.ts:108:9 should navigate between auth pages" type="FAILURE">
<![CDATA[  [desktop] › auth.spec.ts:108:9 › Authentication Tests › Authentication Navigation › should navigate between auth pages 

    TimeoutError: locator.click: Timeout 15000ms exceeded.
    Call log:
      - waiting for getByRole('link', { name: /sign up/i })


      110 |       
      111 |       // Navigate to sign-up
    > 112 |       await page.getByRole('link', { name: /sign up/i }).click();
          |                                                          ^
      113 |       await expect(page).toHaveURL(/\/auth\/signup$/);
      114 |       
      115 |       // Navigate back to sign-in
        at /Users/JackEllis/MSA SITE/e2e/auth.spec.ts:112:58

    attachment #1: screenshot (image/png) ──────────────────────────────────────────────────────────
    test-results/auth-Authentication-Tests--94089-navigate-between-auth-pages-desktop/test-failed-1.png
    ────────────────────────────────────────────────────────────────────────────────────────────────

    attachment #2: video (video/webm) ──────────────────────────────────────────────────────────────
    test-results/auth-Authentication-Tests--94089-navigate-between-auth-pages-desktop/video.webm
    ────────────────────────────────────────────────────────────────────────────────────────────────

    Error Context: ../test-results/auth-Authentication-Tests--94089-navigate-between-auth-pages-desktop/error-context.md

    Retry #1 ───────────────────────────────────────────────────────────────────────────────────────

    TimeoutError: locator.click: Timeout 15000ms exceeded.
    Call log:
      - waiting for getByRole('link', { name: /sign up/i })


      110 |       
      111 |       // Navigate to sign-up
    > 112 |       await page.getByRole('link', { name: /sign up/i }).click();
          |                                                          ^
      113 |       await expect(page).toHaveURL(/\/auth\/signup$/);
      114 |       
      115 |       // Navigate back to sign-in
        at /Users/JackEllis/MSA SITE/e2e/auth.spec.ts:112:58

    attachment #1: screenshot (image/png) ──────────────────────────────────────────────────────────
    test-results/auth-Authentication-Tests--94089-navigate-between-auth-pages-desktop-retry1/test-failed-1.png
    ────────────────────────────────────────────────────────────────────────────────────────────────

    attachment #2: video (video/webm) ──────────────────────────────────────────────────────────────
    test-results/auth-Authentication-Tests--94089-navigate-between-auth-pages-desktop-retry1/video.webm
    ────────────────────────────────────────────────────────────────────────────────────────────────

    Error Context: ../test-results/auth-Authentication-Tests--94089-navigate-between-auth-pages-desktop-retry1/error-context.md

    attachment #4: trace (application/zip) ─────────────────────────────────────────────────────────
    test-results/auth-Authentication-Tests--94089-navigate-between-auth-pages-desktop-retry1/trace.zip
    Usage:

        npx playwright show-trace test-results/auth-Authentication-Tests--94089-navigate-between-auth-pages-desktop-retry1/trace.zip

    ────────────────────────────────────────────────────────────────────────────────────────────────
]]>
</failure>
<system-out>
<![CDATA[
[[ATTACHMENT|../test-results/auth-Authentication-Tests--94089-navigate-between-auth-pages-desktop/test-failed-1.png]]

[[ATTACHMENT|../test-results/auth-Authentication-Tests--94089-navigate-between-auth-pages-desktop/video.webm]]

[[ATTACHMENT|../test-results/auth-Authentication-Tests--94089-navigate-between-auth-pages-desktop/error-context.md]]

[[ATTACHMENT|../test-results/auth-Authentication-Tests--94089-navigate-between-auth-pages-desktop-retry1/test-failed-1.png]]

[[ATTACHMENT|../test-results/auth-Authentication-Tests--94089-navigate-between-auth-pages-desktop-retry1/video.webm]]

[[ATTACHMENT|../test-results/auth-Authentication-Tests--94089-navigate-between-auth-pages-desktop-retry1/error-context.md]]

[[ATTACHMENT|../test-results/auth-Authentication-Tests--94089-navigate-between-auth-pages-desktop-retry1/trace.zip]]
]]>
</system-out>
</testcase>
<testcase name="Authentication Tests › Password Visibility › should toggle password visibility" classname="auth.spec.ts" time="32.824">
<failure message="auth.spec.ts:122:9 should toggle password visibility" type="FAILURE">
<![CDATA[  [desktop] › auth.spec.ts:122:9 › Authentication Tests › Password Visibility › should toggle password visibility 

    Error: Timed out 15000ms waiting for expect(locator).toHaveAttribute(expected)

    Locator: getByLabel(/^password$/i)
    Expected string: "password"
    Received: <element(s) not found>
    Call log:
      - Expect "toHaveAttribute" with timeout 15000ms
      - waiting for getByLabel(/^password$/i)


      127 |       
      128 |       // Password should be hidden by default
    > 129 |       await expect(passwordInput).toHaveAttribute('type', 'password');
          |                                   ^
      130 |       
      131 |       // Click toggle to show password
      132 |       if (await toggleButton.isVisible()) {
        at /Users/JackEllis/MSA SITE/e2e/auth.spec.ts:129:35

    attachment #1: screenshot (image/png) ──────────────────────────────────────────────────────────
    test-results/auth-Authentication-Tests--43179--toggle-password-visibility-desktop/test-failed-1.png
    ────────────────────────────────────────────────────────────────────────────────────────────────

    attachment #2: video (video/webm) ──────────────────────────────────────────────────────────────
    test-results/auth-Authentication-Tests--43179--toggle-password-visibility-desktop/video.webm
    ────────────────────────────────────────────────────────────────────────────────────────────────

    Error Context: ../test-results/auth-Authentication-Tests--43179--toggle-password-visibility-desktop/error-context.md

    Retry #1 ───────────────────────────────────────────────────────────────────────────────────────

    Error: Timed out 15000ms waiting for expect(locator).toHaveAttribute(expected)

    Locator: getByLabel(/^password$/i)
    Expected string: "password"
    Received: <element(s) not found>
    Call log:
      - Expect "toHaveAttribute" with timeout 15000ms
      - waiting for getByLabel(/^password$/i)


      127 |       
      128 |       // Password should be hidden by default
    > 129 |       await expect(passwordInput).toHaveAttribute('type', 'password');
          |                                   ^
      130 |       
      131 |       // Click toggle to show password
      132 |       if (await toggleButton.isVisible()) {
        at /Users/JackEllis/MSA SITE/e2e/auth.spec.ts:129:35

    attachment #1: screenshot (image/png) ──────────────────────────────────────────────────────────
    test-results/auth-Authentication-Tests--43179--toggle-password-visibility-desktop-retry1/test-failed-1.png
    ────────────────────────────────────────────────────────────────────────────────────────────────

    attachment #2: video (video/webm) ──────────────────────────────────────────────────────────────
    test-results/auth-Authentication-Tests--43179--toggle-password-visibility-desktop-retry1/video.webm
    ────────────────────────────────────────────────────────────────────────────────────────────────

    Error Context: ../test-results/auth-Authentication-Tests--43179--toggle-password-visibility-desktop-retry1/error-context.md

    attachment #4: trace (application/zip) ─────────────────────────────────────────────────────────
    test-results/auth-Authentication-Tests--43179--toggle-password-visibility-desktop-retry1/trace.zip
    Usage:

        npx playwright show-trace test-results/auth-Authentication-Tests--43179--toggle-password-visibility-desktop-retry1/trace.zip

    ────────────────────────────────────────────────────────────────────────────────────────────────
]]>
</failure>
<system-out>
<![CDATA[
[[ATTACHMENT|../test-results/auth-Authentication-Tests--43179--toggle-password-visibility-desktop/test-failed-1.png]]

[[ATTACHMENT|../test-results/auth-Authentication-Tests--43179--toggle-password-visibility-desktop/video.webm]]

[[ATTACHMENT|../test-results/auth-Authentication-Tests--43179--toggle-password-visibility-desktop/error-context.md]]

[[ATTACHMENT|../test-results/auth-Authentication-Tests--43179--toggle-password-visibility-desktop-retry1/test-failed-1.png]]

[[ATTACHMENT|../test-results/auth-Authentication-Tests--43179--toggle-password-visibility-desktop-retry1/video.webm]]

[[ATTACHMENT|../test-results/auth-Authentication-Tests--43179--toggle-password-visibility-desktop-retry1/error-context.md]]

[[ATTACHMENT|../test-results/auth-Authentication-Tests--43179--toggle-password-visibility-desktop-retry1/trace.zip]]
]]>
</system-out>
</testcase>
<testcase name="Authentication Tests › Mobile Authentication › should display auth forms properly on mobile" classname="auth.spec.ts" time="32.392">
<failure message="auth.spec.ts:146:9 should display auth forms properly on mobile" type="FAILURE">
<![CDATA[  [desktop] › auth.spec.ts:146:9 › Authentication Tests › Mobile Authentication › should display auth forms properly on mobile 

    Error: Timed out 15000ms waiting for expect(locator).toBeVisible()

    Locator: getByRole('heading', { name: /welcome back/i })
    Expected: visible
    Received: <element(s) not found>
    Call log:
      - Expect "toBeVisible" with timeout 15000ms
      - waiting for getByRole('heading', { name: /welcome back/i })


      148 |       
      149 |       // Check that form is properly displayed on mobile
    > 150 |       await expect(page.getByRole('heading', { name: /welcome back/i })).toBeVisible();
          |                                                                          ^
      151 |       await expect(page.getByLabel(/email/i)).toBeVisible();
      152 |       await expect(page.getByLabel(/^password$/i)).toBeVisible();
      153 |       
        at /Users/JackEllis/MSA SITE/e2e/auth.spec.ts:150:74

    attachment #1: screenshot (image/png) ──────────────────────────────────────────────────────────
    test-results/auth-Authentication-Tests--3f508-th-forms-properly-on-mobile-desktop/test-failed-1.png
    ────────────────────────────────────────────────────────────────────────────────────────────────

    attachment #2: video (video/webm) ──────────────────────────────────────────────────────────────
    test-results/auth-Authentication-Tests--3f508-th-forms-properly-on-mobile-desktop/video.webm
    ────────────────────────────────────────────────────────────────────────────────────────────────

    Error Context: ../test-results/auth-Authentication-Tests--3f508-th-forms-properly-on-mobile-desktop/error-context.md

    Retry #1 ───────────────────────────────────────────────────────────────────────────────────────

    Error: Timed out 15000ms waiting for expect(locator).toBeVisible()

    Locator: getByRole('heading', { name: /welcome back/i })
    Expected: visible
    Received: <element(s) not found>
    Call log:
      - Expect "toBeVisible" with timeout 15000ms
      - waiting for getByRole('heading', { name: /welcome back/i })


      148 |       
      149 |       // Check that form is properly displayed on mobile
    > 150 |       await expect(page.getByRole('heading', { name: /welcome back/i })).toBeVisible();
          |                                                                          ^
      151 |       await expect(page.getByLabel(/email/i)).toBeVisible();
      152 |       await expect(page.getByLabel(/^password$/i)).toBeVisible();
      153 |       
        at /Users/JackEllis/MSA SITE/e2e/auth.spec.ts:150:74

    attachment #1: screenshot (image/png) ──────────────────────────────────────────────────────────
    test-results/auth-Authentication-Tests--3f508-th-forms-properly-on-mobile-desktop-retry1/test-failed-1.png
    ────────────────────────────────────────────────────────────────────────────────────────────────

    attachment #2: video (video/webm) ──────────────────────────────────────────────────────────────
    test-results/auth-Authentication-Tests--3f508-th-forms-properly-on-mobile-desktop-retry1/video.webm
    ────────────────────────────────────────────────────────────────────────────────────────────────

    Error Context: ../test-results/auth-Authentication-Tests--3f508-th-forms-properly-on-mobile-desktop-retry1/error-context.md

    attachment #4: trace (application/zip) ─────────────────────────────────────────────────────────
    test-results/auth-Authentication-Tests--3f508-th-forms-properly-on-mobile-desktop-retry1/trace.zip
    Usage:

        npx playwright show-trace test-results/auth-Authentication-Tests--3f508-th-forms-properly-on-mobile-desktop-retry1/trace.zip

    ────────────────────────────────────────────────────────────────────────────────────────────────
]]>
</failure>
<system-out>
<![CDATA[
[[ATTACHMENT|../test-results/auth-Authentication-Tests--3f508-th-forms-properly-on-mobile-desktop/test-failed-1.png]]

[[ATTACHMENT|../test-results/auth-Authentication-Tests--3f508-th-forms-properly-on-mobile-desktop/video.webm]]

[[ATTACHMENT|../test-results/auth-Authentication-Tests--3f508-th-forms-properly-on-mobile-desktop/error-context.md]]

[[ATTACHMENT|../test-results/auth-Authentication-Tests--3f508-th-forms-properly-on-mobile-desktop-retry1/test-failed-1.png]]

[[ATTACHMENT|../test-results/auth-Authentication-Tests--3f508-th-forms-properly-on-mobile-desktop-retry1/video.webm]]

[[ATTACHMENT|../test-results/auth-Authentication-Tests--3f508-th-forms-properly-on-mobile-desktop-retry1/error-context.md]]

[[ATTACHMENT|../test-results/auth-Authentication-Tests--3f508-th-forms-properly-on-mobile-desktop-retry1/trace.zip]]
]]>
</system-out>
</testcase>
<testcase name="Authentication Tests › Mobile Authentication › should handle mobile keyboard properly" classname="auth.spec.ts" time="32.36">
<failure message="auth.spec.ts:159:9 should handle mobile keyboard properly" type="FAILURE">
<![CDATA[  [desktop] › auth.spec.ts:159:9 › Authentication Tests › Mobile Authentication › should handle mobile keyboard properly 

    TimeoutError: locator.focus: Timeout 15000ms exceeded.
    Call log:
      - waiting for getByLabel(/email/i)


      161 |       
      162 |       // Focus on email field
    > 163 |       await page.getByLabel(/email/i).focus();
          |                                       ^
      164 |       
      165 |       // Type email
      166 |       await page.getByLabel(/email/i).fill('test@example.com');
        at /Users/JackEllis/MSA SITE/e2e/auth.spec.ts:163:39

    attachment #1: screenshot (image/png) ──────────────────────────────────────────────────────────
    test-results/auth-Authentication-Tests--89718-le-mobile-keyboard-properly-desktop/test-failed-1.png
    ────────────────────────────────────────────────────────────────────────────────────────────────

    attachment #2: video (video/webm) ──────────────────────────────────────────────────────────────
    test-results/auth-Authentication-Tests--89718-le-mobile-keyboard-properly-desktop/video.webm
    ────────────────────────────────────────────────────────────────────────────────────────────────

    Error Context: ../test-results/auth-Authentication-Tests--89718-le-mobile-keyboard-properly-desktop/error-context.md

    Retry #1 ───────────────────────────────────────────────────────────────────────────────────────

    TimeoutError: locator.focus: Timeout 15000ms exceeded.
    Call log:
      - waiting for getByLabel(/email/i)


      161 |       
      162 |       // Focus on email field
    > 163 |       await page.getByLabel(/email/i).focus();
          |                                       ^
      164 |       
      165 |       // Type email
      166 |       await page.getByLabel(/email/i).fill('test@example.com');
        at /Users/JackEllis/MSA SITE/e2e/auth.spec.ts:163:39

    attachment #1: screenshot (image/png) ──────────────────────────────────────────────────────────
    test-results/auth-Authentication-Tests--89718-le-mobile-keyboard-properly-desktop-retry1/test-failed-1.png
    ────────────────────────────────────────────────────────────────────────────────────────────────

    attachment #2: video (video/webm) ──────────────────────────────────────────────────────────────
    test-results/auth-Authentication-Tests--89718-le-mobile-keyboard-properly-desktop-retry1/video.webm
    ────────────────────────────────────────────────────────────────────────────────────────────────

    Error Context: ../test-results/auth-Authentication-Tests--89718-le-mobile-keyboard-properly-desktop-retry1/error-context.md

    attachment #4: trace (application/zip) ─────────────────────────────────────────────────────────
    test-results/auth-Authentication-Tests--89718-le-mobile-keyboard-properly-desktop-retry1/trace.zip
    Usage:

        npx playwright show-trace test-results/auth-Authentication-Tests--89718-le-mobile-keyboard-properly-desktop-retry1/trace.zip

    ────────────────────────────────────────────────────────────────────────────────────────────────
]]>
</failure>
<system-out>
<![CDATA[
[[ATTACHMENT|../test-results/auth-Authentication-Tests--89718-le-mobile-keyboard-properly-desktop/test-failed-1.png]]

[[ATTACHMENT|../test-results/auth-Authentication-Tests--89718-le-mobile-keyboard-properly-desktop/video.webm]]

[[ATTACHMENT|../test-results/auth-Authentication-Tests--89718-le-mobile-keyboard-properly-desktop/error-context.md]]

[[ATTACHMENT|../test-results/auth-Authentication-Tests--89718-le-mobile-keyboard-properly-desktop-retry1/test-failed-1.png]]

[[ATTACHMENT|../test-results/auth-Authentication-Tests--89718-le-mobile-keyboard-properly-desktop-retry1/video.webm]]

[[ATTACHMENT|../test-results/auth-Authentication-Tests--89718-le-mobile-keyboard-properly-desktop-retry1/error-context.md]]

[[ATTACHMENT|../test-results/auth-Authentication-Tests--89718-le-mobile-keyboard-properly-desktop-retry1/trace.zip]]
]]>
</system-out>
</testcase>
</testsuite>
<testsuite name="homepage.spec.ts" timestamp="2025-08-18T17:57:08.474Z" hostname="desktop" tests="11" failures="4" skipped="0" time="97.337" errors="0">
<testcase name="Homepage Tests › Desktop › should load homepage successfully" classname="homepage.spec.ts" time="0.635">
</testcase>
<testcase name="Homepage Tests › Desktop › should display property cards" classname="homepage.spec.ts" time="0.745">
</testcase>
<testcase name="Homepage Tests › Desktop › should navigate to property details" classname="homepage.spec.ts" time="0.525">
</testcase>
<testcase name="Homepage Tests › Desktop › should show apply now functionality" classname="homepage.spec.ts" time="0.517">
</testcase>
<testcase name="Homepage Tests › Desktop › should navigate to about page" classname="homepage.spec.ts" time="21.567">
<failure message="homepage.spec.ts:92:9 should navigate to about page" type="FAILURE">
<![CDATA[  [desktop] › homepage.spec.ts:92:9 › Homepage Tests › Desktop › should navigate to about page ─────

    TimeoutError: locator.click: Timeout 10000ms exceeded.
    Call log:
      - waiting for getByRole('navigation').getByRole('link', { name: 'About' }).first().or(getByRole('link', { name: 'About' }).first())
        - locator resolved to <a href="/about" class="px-4 py-2 text-gray-700 hover:text-brand-600 hover:bg-brand-50 rounded-lg transition-all duration-200 font-medium">About</a>
      - attempting click action
        2 × waiting for element to be visible, enabled and stable
          - element is visible, enabled and stable
          - scrolling into view if needed
          - done scrolling
          - <img sizes="100vw" loading="lazy" decoding="async" data-nimg="fill" class="object-cover" alt="Hero background 5" src="/_next/image?url=https%3A%2F%2Fimages.unsplash.com%2Fphoto-1631049307264-da0ec9d70304%3Fixlib%3Drb-4.0.3%26ixid%3DM3wxMjA3fDB8MHxwaG90by1wYWdlfHx8fGVufDB8fHx8fA%253D%253D%26auto%3Dformat%26fit%3Dcrop%26w%3D2340%26q%3D80&w=3840&q=75" srcset="/_next/image?url=https%3A%2F%2Fimages.unsplash.com%2Fphoto-1631049307264-da0ec9d70304%3Fixlib%3Drb-4.0.3%26ixid%3DM3wxMjA3fDB8MHxwaG90by1wYWdlfH…/> from <section class="relative h-[60vh] md:h-[70vh] overflow-hidden">…</section> subtree intercepts pointer events
        - retrying click action
        - waiting 20ms
        2 × waiting for element to be visible, enabled and stable
          - element is visible, enabled and stable
          - scrolling into view if needed
          - done scrolling
          - <img sizes="100vw" loading="lazy" decoding="async" data-nimg="fill" class="object-cover" alt="Hero background 5" src="/_next/image?url=https%3A%2F%2Fimages.unsplash.com%2Fphoto-1631049307264-da0ec9d70304%3Fixlib%3Drb-4.0.3%26ixid%3DM3wxMjA3fDB8MHxwaG90by1wYWdlfHx8fGVufDB8fHx8fA%253D%253D%26auto%3Dformat%26fit%3Dcrop%26w%3D2340%26q%3D80&w=3840&q=75" srcset="/_next/image?url=https%3A%2F%2Fimages.unsplash.com%2Fphoto-1631049307264-da0ec9d70304%3Fixlib%3Drb-4.0.3%26ixid%3DM3wxMjA3fDB8MHxwaG90by1wYWdlfH…/> from <section class="relative h-[60vh] md:h-[70vh] overflow-hidden">…</section> subtree intercepts pointer events
        - retrying click action
          - waiting 100ms
        19 × waiting for element to be visible, enabled and stable
           - element is visible, enabled and stable
           - scrolling into view if needed
           - done scrolling
           - <img sizes="100vw" loading="lazy" decoding="async" data-nimg="fill" class="object-cover" alt="Hero background 5" src="/_next/image?url=https%3A%2F%2Fimages.unsplash.com%2Fphoto-1631049307264-da0ec9d70304%3Fixlib%3Drb-4.0.3%26ixid%3DM3wxMjA3fDB8MHxwaG90by1wYWdlfHx8fGVufDB8fHx8fA%253D%253D%26auto%3Dformat%26fit%3Dcrop%26w%3D2340%26q%3D80&w=3840&q=75" srcset="/_next/image?url=https%3A%2F%2Fimages.unsplash.com%2Fphoto-1631049307264-da0ec9d70304%3Fixlib%3Drb-4.0.3%26ixid%3DM3wxMjA3fDB8MHxwaG90by1wYWdlfH…/> from <section class="relative h-[60vh] md:h-[70vh] overflow-hidden">…</section> subtree intercepts pointer events
         - retrying click action
           - waiting 500ms


      100 |         .or(page.getByRole('link', { name: 'About' }).first());
      101 |       
    > 102 |       await aboutLink.click({ timeout: 10000 });
          |                       ^
      103 |       await expect(page).toHaveURL(/\/about$/, { timeout: 15000 });
      104 |       
      105 |       // Check for about content
        at /Users/JackEllis/MSA SITE/e2e/homepage.spec.ts:102:23

    attachment #1: screenshot (image/png) ──────────────────────────────────────────────────────────
    test-results/homepage-Homepage-Tests-De-43140-ould-navigate-to-about-page-desktop/test-failed-1.png
    ────────────────────────────────────────────────────────────────────────────────────────────────

    attachment #2: video (video/webm) ──────────────────────────────────────────────────────────────
    test-results/homepage-Homepage-Tests-De-43140-ould-navigate-to-about-page-desktop/video.webm
    ────────────────────────────────────────────────────────────────────────────────────────────────

    Error Context: ../test-results/homepage-Homepage-Tests-De-43140-ould-navigate-to-about-page-desktop/error-context.md

    Retry #1 ───────────────────────────────────────────────────────────────────────────────────────

    TimeoutError: locator.click: Timeout 10000ms exceeded.
    Call log:
      - waiting for getByRole('navigation').getByRole('link', { name: 'About' }).first().or(getByRole('link', { name: 'About' }).first())
        - locator resolved to <a href="/about" class="px-4 py-2 text-gray-700 hover:text-brand-600 hover:bg-brand-50 rounded-lg transition-all duration-200 font-medium">About</a>
      - attempting click action
        2 × waiting for element to be visible, enabled and stable
          - element is visible, enabled and stable
          - scrolling into view if needed
          - done scrolling
          - <img sizes="100vw" loading="lazy" decoding="async" data-nimg="fill" class="object-cover" alt="Hero background 5" src="/_next/image?url=https%3A%2F%2Fimages.unsplash.com%2Fphoto-1631049307264-da0ec9d70304%3Fixlib%3Drb-4.0.3%26ixid%3DM3wxMjA3fDB8MHxwaG90by1wYWdlfHx8fGVufDB8fHx8fA%253D%253D%26auto%3Dformat%26fit%3Dcrop%26w%3D2340%26q%3D80&w=3840&q=75" srcset="/_next/image?url=https%3A%2F%2Fimages.unsplash.com%2Fphoto-1631049307264-da0ec9d70304%3Fixlib%3Drb-4.0.3%26ixid%3DM3wxMjA3fDB8MHxwaG90by1wYWdlfH…/> from <section class="relative h-[60vh] md:h-[70vh] overflow-hidden">…</section> subtree intercepts pointer events
        - retrying click action
        - waiting 20ms
        2 × waiting for element to be visible, enabled and stable
          - element is visible, enabled and stable
          - scrolling into view if needed
          - done scrolling
          - <img sizes="100vw" loading="lazy" decoding="async" data-nimg="fill" class="object-cover" alt="Hero background 5" src="/_next/image?url=https%3A%2F%2Fimages.unsplash.com%2Fphoto-1631049307264-da0ec9d70304%3Fixlib%3Drb-4.0.3%26ixid%3DM3wxMjA3fDB8MHxwaG90by1wYWdlfHx8fGVufDB8fHx8fA%253D%253D%26auto%3Dformat%26fit%3Dcrop%26w%3D2340%26q%3D80&w=3840&q=75" srcset="/_next/image?url=https%3A%2F%2Fimages.unsplash.com%2Fphoto-1631049307264-da0ec9d70304%3Fixlib%3Drb-4.0.3%26ixid%3DM3wxMjA3fDB8MHxwaG90by1wYWdlfH…/> from <section class="relative h-[60vh] md:h-[70vh] overflow-hidden">…</section> subtree intercepts pointer events
        - retrying click action
          - waiting 100ms
        19 × waiting for element to be visible, enabled and stable
           - element is visible, enabled and stable
           - scrolling into view if needed
           - done scrolling
           - <img sizes="100vw" loading="lazy" decoding="async" data-nimg="fill" class="object-cover" alt="Hero background 5" src="/_next/image?url=https%3A%2F%2Fimages.unsplash.com%2Fphoto-1631049307264-da0ec9d70304%3Fixlib%3Drb-4.0.3%26ixid%3DM3wxMjA3fDB8MHxwaG90by1wYWdlfHx8fGVufDB8fHx8fA%253D%253D%26auto%3Dformat%26fit%3Dcrop%26w%3D2340%26q%3D80&w=3840&q=75" srcset="/_next/image?url=https%3A%2F%2Fimages.unsplash.com%2Fphoto-1631049307264-da0ec9d70304%3Fixlib%3Drb-4.0.3%26ixid%3DM3wxMjA3fDB8MHxwaG90by1wYWdlfH…/> from <section class="relative h-[60vh] md:h-[70vh] overflow-hidden">…</section> subtree intercepts pointer events
         - retrying click action
           - waiting 500ms


      100 |         .or(page.getByRole('link', { name: 'About' }).first());
      101 |       
    > 102 |       await aboutLink.click({ timeout: 10000 });
          |                       ^
      103 |       await expect(page).toHaveURL(/\/about$/, { timeout: 15000 });
      104 |       
      105 |       // Check for about content
        at /Users/JackEllis/MSA SITE/e2e/homepage.spec.ts:102:23

    attachment #1: screenshot (image/png) ──────────────────────────────────────────────────────────
    test-results/homepage-Homepage-Tests-De-43140-ould-navigate-to-about-page-desktop-retry1/test-failed-1.png
    ────────────────────────────────────────────────────────────────────────────────────────────────

    attachment #2: video (video/webm) ──────────────────────────────────────────────────────────────
    test-results/homepage-Homepage-Tests-De-43140-ould-navigate-to-about-page-desktop-retry1/video.webm
    ────────────────────────────────────────────────────────────────────────────────────────────────

    Error Context: ../test-results/homepage-Homepage-Tests-De-43140-ould-navigate-to-about-page-desktop-retry1/error-context.md

    attachment #4: trace (application/zip) ─────────────────────────────────────────────────────────
    test-results/homepage-Homepage-Tests-De-43140-ould-navigate-to-about-page-desktop-retry1/trace.zip
    Usage:

        npx playwright show-trace test-results/homepage-Homepage-Tests-De-43140-ould-navigate-to-about-page-desktop-retry1/trace.zip

    ────────────────────────────────────────────────────────────────────────────────────────────────
]]>
</failure>
<system-out>
<![CDATA[
[[ATTACHMENT|../test-results/homepage-Homepage-Tests-De-43140-ould-navigate-to-about-page-desktop/test-failed-1.png]]

[[ATTACHMENT|../test-results/homepage-Homepage-Tests-De-43140-ould-navigate-to-about-page-desktop/video.webm]]

[[ATTACHMENT|../test-results/homepage-Homepage-Tests-De-43140-ould-navigate-to-about-page-desktop/error-context.md]]

[[ATTACHMENT|../test-results/homepage-Homepage-Tests-De-43140-ould-navigate-to-about-page-desktop-retry1/test-failed-1.png]]

[[ATTACHMENT|../test-results/homepage-Homepage-Tests-De-43140-ould-navigate-to-about-page-desktop-retry1/video.webm]]

[[ATTACHMENT|../test-results/homepage-Homepage-Tests-De-43140-ould-navigate-to-about-page-desktop-retry1/error-context.md]]

[[ATTACHMENT|../test-results/homepage-Homepage-Tests-De-43140-ould-navigate-to-about-page-desktop-retry1/trace.zip]]
]]>
</system-out>
</testcase>
<testcase name="Homepage Tests › Desktop › should navigate to contact page" classname="homepage.spec.ts" time="21.449">
<failure message="homepage.spec.ts:114:9 should navigate to contact page" type="FAILURE">
<![CDATA[  [desktop] › homepage.spec.ts:114:9 › Homepage Tests › Desktop › should navigate to contact page ──

    TimeoutError: locator.click: Timeout 10000ms exceeded.
    Call log:
      - waiting for getByRole('navigation').getByRole('link', { name: 'Contact' }).first().or(getByRole('link', { name: 'Contact' }).first())
        - locator resolved to <a href="/contact" class="px-4 py-2 text-gray-700 hover:text-brand-600 hover:bg-brand-50 rounded-lg transition-all duration-200 font-medium">Contact</a>
      - attempting click action
        2 × waiting for element to be visible, enabled and stable
          - element is visible, enabled and stable
          - scrolling into view if needed
          - done scrolling
          - <img sizes="100vw" loading="lazy" decoding="async" data-nimg="fill" class="object-cover" alt="Hero background 5" src="/_next/image?url=https%3A%2F%2Fimages.unsplash.com%2Fphoto-1631049307264-da0ec9d70304%3Fixlib%3Drb-4.0.3%26ixid%3DM3wxMjA3fDB8MHxwaG90by1wYWdlfHx8fGVufDB8fHx8fA%253D%253D%26auto%3Dformat%26fit%3Dcrop%26w%3D2340%26q%3D80&w=3840&q=75" srcset="/_next/image?url=https%3A%2F%2Fimages.unsplash.com%2Fphoto-1631049307264-da0ec9d70304%3Fixlib%3Drb-4.0.3%26ixid%3DM3wxMjA3fDB8MHxwaG90by1wYWdlfH…/> from <section class="relative h-[60vh] md:h-[70vh] overflow-hidden">…</section> subtree intercepts pointer events
        - retrying click action
        - waiting 20ms
        2 × waiting for element to be visible, enabled and stable
          - element is visible, enabled and stable
          - scrolling into view if needed
          - done scrolling
          - <img sizes="100vw" loading="lazy" decoding="async" data-nimg="fill" class="object-cover" alt="Hero background 5" src="/_next/image?url=https%3A%2F%2Fimages.unsplash.com%2Fphoto-1631049307264-da0ec9d70304%3Fixlib%3Drb-4.0.3%26ixid%3DM3wxMjA3fDB8MHxwaG90by1wYWdlfHx8fGVufDB8fHx8fA%253D%253D%26auto%3Dformat%26fit%3Dcrop%26w%3D2340%26q%3D80&w=3840&q=75" srcset="/_next/image?url=https%3A%2F%2Fimages.unsplash.com%2Fphoto-1631049307264-da0ec9d70304%3Fixlib%3Drb-4.0.3%26ixid%3DM3wxMjA3fDB8MHxwaG90by1wYWdlfH…/> from <section class="relative h-[60vh] md:h-[70vh] overflow-hidden">…</section> subtree intercepts pointer events
        - retrying click action
          - waiting 100ms
        19 × waiting for element to be visible, enabled and stable
           - element is visible, enabled and stable
           - scrolling into view if needed
           - done scrolling
           - <img sizes="100vw" loading="lazy" decoding="async" data-nimg="fill" class="object-cover" alt="Hero background 5" src="/_next/image?url=https%3A%2F%2Fimages.unsplash.com%2Fphoto-1631049307264-da0ec9d70304%3Fixlib%3Drb-4.0.3%26ixid%3DM3wxMjA3fDB8MHxwaG90by1wYWdlfHx8fGVufDB8fHx8fA%253D%253D%26auto%3Dformat%26fit%3Dcrop%26w%3D2340%26q%3D80&w=3840&q=75" srcset="/_next/image?url=https%3A%2F%2Fimages.unsplash.com%2Fphoto-1631049307264-da0ec9d70304%3Fixlib%3Drb-4.0.3%26ixid%3DM3wxMjA3fDB8MHxwaG90by1wYWdlfH…/> from <section class="relative h-[60vh] md:h-[70vh] overflow-hidden">…</section> subtree intercepts pointer events
         - retrying click action
           - waiting 500ms


      122 |         .or(page.getByRole('link', { name: 'Contact' }).first());
      123 |       
    > 124 |       await contactLink.click({ timeout: 10000 });
          |                         ^
      125 |       await expect(page).toHaveURL(/\/contact$/, { timeout: 15000 });
      126 |       
      127 |       // Check for contact content
        at /Users/JackEllis/MSA SITE/e2e/homepage.spec.ts:124:25

    attachment #1: screenshot (image/png) ──────────────────────────────────────────────────────────
    test-results/homepage-Homepage-Tests-De-9afca-ld-navigate-to-contact-page-desktop/test-failed-1.png
    ────────────────────────────────────────────────────────────────────────────────────────────────

    attachment #2: video (video/webm) ──────────────────────────────────────────────────────────────
    test-results/homepage-Homepage-Tests-De-9afca-ld-navigate-to-contact-page-desktop/video.webm
    ────────────────────────────────────────────────────────────────────────────────────────────────

    Error Context: ../test-results/homepage-Homepage-Tests-De-9afca-ld-navigate-to-contact-page-desktop/error-context.md

    Retry #1 ───────────────────────────────────────────────────────────────────────────────────────

    TimeoutError: locator.click: Timeout 10000ms exceeded.
    Call log:
      - waiting for getByRole('navigation').getByRole('link', { name: 'Contact' }).first().or(getByRole('link', { name: 'Contact' }).first())
        - locator resolved to <a href="/contact" class="px-4 py-2 text-gray-700 hover:text-brand-600 hover:bg-brand-50 rounded-lg transition-all duration-200 font-medium">Contact</a>
      - attempting click action
        2 × waiting for element to be visible, enabled and stable
          - element is visible, enabled and stable
          - scrolling into view if needed
          - done scrolling
          - <img sizes="100vw" loading="lazy" decoding="async" data-nimg="fill" class="object-cover" alt="Hero background 5" src="/_next/image?url=https%3A%2F%2Fimages.unsplash.com%2Fphoto-1631049307264-da0ec9d70304%3Fixlib%3Drb-4.0.3%26ixid%3DM3wxMjA3fDB8MHxwaG90by1wYWdlfHx8fGVufDB8fHx8fA%253D%253D%26auto%3Dformat%26fit%3Dcrop%26w%3D2340%26q%3D80&w=3840&q=75" srcset="/_next/image?url=https%3A%2F%2Fimages.unsplash.com%2Fphoto-1631049307264-da0ec9d70304%3Fixlib%3Drb-4.0.3%26ixid%3DM3wxMjA3fDB8MHxwaG90by1wYWdlfH…/> from <section class="relative h-[60vh] md:h-[70vh] overflow-hidden">…</section> subtree intercepts pointer events
        - retrying click action
        - waiting 20ms
        2 × waiting for element to be visible, enabled and stable
          - element is visible, enabled and stable
          - scrolling into view if needed
          - done scrolling
          - <img sizes="100vw" loading="lazy" decoding="async" data-nimg="fill" class="object-cover" alt="Hero background 5" src="/_next/image?url=https%3A%2F%2Fimages.unsplash.com%2Fphoto-1631049307264-da0ec9d70304%3Fixlib%3Drb-4.0.3%26ixid%3DM3wxMjA3fDB8MHxwaG90by1wYWdlfHx8fGVufDB8fHx8fA%253D%253D%26auto%3Dformat%26fit%3Dcrop%26w%3D2340%26q%3D80&w=3840&q=75" srcset="/_next/image?url=https%3A%2F%2Fimages.unsplash.com%2Fphoto-1631049307264-da0ec9d70304%3Fixlib%3Drb-4.0.3%26ixid%3DM3wxMjA3fDB8MHxwaG90by1wYWdlfH…/> from <section class="relative h-[60vh] md:h-[70vh] overflow-hidden">…</section> subtree intercepts pointer events
        - retrying click action
          - waiting 100ms
        19 × waiting for element to be visible, enabled and stable
           - element is visible, enabled and stable
           - scrolling into view if needed
           - done scrolling
           - <img sizes="100vw" loading="lazy" decoding="async" data-nimg="fill" class="object-cover" alt="Hero background 5" src="/_next/image?url=https%3A%2F%2Fimages.unsplash.com%2Fphoto-1631049307264-da0ec9d70304%3Fixlib%3Drb-4.0.3%26ixid%3DM3wxMjA3fDB8MHxwaG90by1wYWdlfHx8fGVufDB8fHx8fA%253D%253D%26auto%3Dformat%26fit%3Dcrop%26w%3D2340%26q%3D80&w=3840&q=75" srcset="/_next/image?url=https%3A%2F%2Fimages.unsplash.com%2Fphoto-1631049307264-da0ec9d70304%3Fixlib%3Drb-4.0.3%26ixid%3DM3wxMjA3fDB8MHxwaG90by1wYWdlfH…/> from <section class="relative h-[60vh] md:h-[70vh] overflow-hidden">…</section> subtree intercepts pointer events
         - retrying click action
           - waiting 500ms


      122 |         .or(page.getByRole('link', { name: 'Contact' }).first());
      123 |       
    > 124 |       await contactLink.click({ timeout: 10000 });
          |                         ^
      125 |       await expect(page).toHaveURL(/\/contact$/, { timeout: 15000 });
      126 |       
      127 |       // Check for contact content
        at /Users/JackEllis/MSA SITE/e2e/homepage.spec.ts:124:25

    attachment #1: screenshot (image/png) ──────────────────────────────────────────────────────────
    test-results/homepage-Homepage-Tests-De-9afca-ld-navigate-to-contact-page-desktop-retry1/test-failed-1.png
    ────────────────────────────────────────────────────────────────────────────────────────────────

    attachment #2: video (video/webm) ──────────────────────────────────────────────────────────────
    test-results/homepage-Homepage-Tests-De-9afca-ld-navigate-to-contact-page-desktop-retry1/video.webm
    ────────────────────────────────────────────────────────────────────────────────────────────────

    Error Context: ../test-results/homepage-Homepage-Tests-De-9afca-ld-navigate-to-contact-page-desktop-retry1/error-context.md

    attachment #4: trace (application/zip) ─────────────────────────────────────────────────────────
    test-results/homepage-Homepage-Tests-De-9afca-ld-navigate-to-contact-page-desktop-retry1/trace.zip
    Usage:

        npx playwright show-trace test-results/homepage-Homepage-Tests-De-9afca-ld-navigate-to-contact-page-desktop-retry1/trace.zip

    ────────────────────────────────────────────────────────────────────────────────────────────────
]]>
</failure>
<system-out>
<![CDATA[
[[ATTACHMENT|../test-results/homepage-Homepage-Tests-De-9afca-ld-navigate-to-contact-page-desktop/test-failed-1.png]]

[[ATTACHMENT|../test-results/homepage-Homepage-Tests-De-9afca-ld-navigate-to-contact-page-desktop/video.webm]]

[[ATTACHMENT|../test-results/homepage-Homepage-Tests-De-9afca-ld-navigate-to-contact-page-desktop/error-context.md]]

[[ATTACHMENT|../test-results/homepage-Homepage-Tests-De-9afca-ld-navigate-to-contact-page-desktop-retry1/test-failed-1.png]]

[[ATTACHMENT|../test-results/homepage-Homepage-Tests-De-9afca-ld-navigate-to-contact-page-desktop-retry1/video.webm]]

[[ATTACHMENT|../test-results/homepage-Homepage-Tests-De-9afca-ld-navigate-to-contact-page-desktop-retry1/error-context.md]]

[[ATTACHMENT|../test-results/homepage-Homepage-Tests-De-9afca-ld-navigate-to-contact-page-desktop-retry1/trace.zip]]
]]>
</system-out>
</testcase>
<testcase name="Homepage Tests › Mobile › should load homepage on mobile" classname="homepage.spec.ts" time="0.712">
</testcase>
<testcase name="Homepage Tests › Mobile › should display properties in mobile layout" classname="homepage.spec.ts" time="0.711">
</testcase>
<testcase name="Homepage Tests › Mobile › should handle mobile property application" classname="homepage.spec.ts" time="42.393">
<failure message="homepage.spec.ts:209:9 should handle mobile property application" type="FAILURE">
<![CDATA[  [desktop] › homepage.spec.ts:209:9 › Homepage Tests › Mobile › should handle mobile property application 

    Error: Timed out 20000ms waiting for expect(locator).toBeVisible()

    Locator: getByRole('button', { name: /apply now/i }).first()
    Expected: visible
    Received: <element(s) not found>
    Call log:
      - Expect "toBeVisible" with timeout 20000ms
      - waiting for getByRole('button', { name: /apply now/i }).first()


      211 |       
      212 |       // Wait for an apply button to be visible
    > 213 |       await expect(page.getByRole('button', { name: /apply now/i }).first()).toBeVisible({ timeout: 20000 });
          |                                                                              ^
      214 |       
      215 |       // Look for apply buttons on mobile
      216 |       const applyButton = page.getByRole('button', { name: /apply now/i })
        at /Users/JackEllis/MSA SITE/e2e/homepage.spec.ts:213:78

    attachment #1: screenshot (image/png) ──────────────────────────────────────────────────────────
    test-results/homepage-Homepage-Tests-Mo-0eed0-mobile-property-application-desktop/test-failed-1.png
    ────────────────────────────────────────────────────────────────────────────────────────────────

    attachment #2: video (video/webm) ──────────────────────────────────────────────────────────────
    test-results/homepage-Homepage-Tests-Mo-0eed0-mobile-property-application-desktop/video.webm
    ────────────────────────────────────────────────────────────────────────────────────────────────

    Error Context: ../test-results/homepage-Homepage-Tests-Mo-0eed0-mobile-property-application-desktop/error-context.md

    Retry #1 ───────────────────────────────────────────────────────────────────────────────────────

    Error: Timed out 20000ms waiting for expect(locator).toBeVisible()

    Locator: getByRole('button', { name: /apply now/i }).first()
    Expected: visible
    Received: <element(s) not found>
    Call log:
      - Expect "toBeVisible" with timeout 20000ms
      - waiting for getByRole('button', { name: /apply now/i }).first()


      211 |       
      212 |       // Wait for an apply button to be visible
    > 213 |       await expect(page.getByRole('button', { name: /apply now/i }).first()).toBeVisible({ timeout: 20000 });
          |                                                                              ^
      214 |       
      215 |       // Look for apply buttons on mobile
      216 |       const applyButton = page.getByRole('button', { name: /apply now/i })
        at /Users/JackEllis/MSA SITE/e2e/homepage.spec.ts:213:78

    attachment #1: screenshot (image/png) ──────────────────────────────────────────────────────────
    test-results/homepage-Homepage-Tests-Mo-0eed0-mobile-property-application-desktop-retry1/test-failed-1.png
    ────────────────────────────────────────────────────────────────────────────────────────────────

    attachment #2: video (video/webm) ──────────────────────────────────────────────────────────────
    test-results/homepage-Homepage-Tests-Mo-0eed0-mobile-property-application-desktop-retry1/video.webm
    ────────────────────────────────────────────────────────────────────────────────────────────────

    Error Context: ../test-results/homepage-Homepage-Tests-Mo-0eed0-mobile-property-application-desktop-retry1/error-context.md

    attachment #4: trace (application/zip) ─────────────────────────────────────────────────────────
    test-results/homepage-Homepage-Tests-Mo-0eed0-mobile-property-application-desktop-retry1/trace.zip
    Usage:

        npx playwright show-trace test-results/homepage-Homepage-Tests-Mo-0eed0-mobile-property-application-desktop-retry1/trace.zip

    ────────────────────────────────────────────────────────────────────────────────────────────────
]]>
</failure>
<system-out>
<![CDATA[
[[ATTACHMENT|../test-results/homepage-Homepage-Tests-Mo-0eed0-mobile-property-application-desktop/test-failed-1.png]]

[[ATTACHMENT|../test-results/homepage-Homepage-Tests-Mo-0eed0-mobile-property-application-desktop/video.webm]]

[[ATTACHMENT|../test-results/homepage-Homepage-Tests-Mo-0eed0-mobile-property-application-desktop/error-context.md]]

[[ATTACHMENT|../test-results/homepage-Homepage-Tests-Mo-0eed0-mobile-property-application-desktop-retry1/test-failed-1.png]]

[[ATTACHMENT|../test-results/homepage-Homepage-Tests-Mo-0eed0-mobile-property-application-desktop-retry1/video.webm]]

[[ATTACHMENT|../test-results/homepage-Homepage-Tests-Mo-0eed0-mobile-property-application-desktop-retry1/error-context.md]]

[[ATTACHMENT|../test-results/homepage-Homepage-Tests-Mo-0eed0-mobile-property-application-desktop-retry1/trace.zip]]
]]>
</system-out>
</testcase>
<testcase name="Homepage Tests › Cross-device Features › should maintain session across page reloads" classname="homepage.spec.ts" time="0.982">
</testcase>
<testcase name="Homepage Tests › Cross-device Features › should handle network interruptions gracefully" classname="homepage.spec.ts" time="7.101">
<failure message="homepage.spec.ts:265:9 should handle network interruptions gracefully" type="FAILURE">
<![CDATA[  [desktop] › homepage.spec.ts:265:9 › Homepage Tests › Cross-device Features › should handle network interruptions gracefully 

    Error: locator.isVisible: Error: strict mode violation: getByRole('link', { name: 'About' }) resolved to 2 elements:
        1) <a href="/about" class="px-4 py-2 text-gray-700 hover:text-brand-600 hover:bg-brand-50 rounded-lg transition-all duration-200 font-medium">About</a> aka getByRole('link', { name: 'About', exact: true })
        2) <a href="/about" class="text-gray-300 hover:text-white transition-colors flex items-center group">…</a> aka getByRole('link', { name: 'About Us' })

    Call log:
        - checking visibility of getByRole('link', { name: 'About' })


      300 |       
      301 |       for (const element of recoveryElements) {
    > 302 |         if (await element.isVisible()) {
          |                           ^
      303 |           await expect(element).toBeVisible({ timeout: 10000 });
      304 |           break;
      305 |         }
        at /Users/JackEllis/MSA SITE/e2e/homepage.spec.ts:302:27

    attachment #1: screenshot (image/png) ──────────────────────────────────────────────────────────
    test-results/homepage-Homepage-Tests-Cr-16f3f-rk-interruptions-gracefully-desktop/test-failed-1.png
    ────────────────────────────────────────────────────────────────────────────────────────────────

    attachment #2: video (video/webm) ──────────────────────────────────────────────────────────────
    test-results/homepage-Homepage-Tests-Cr-16f3f-rk-interruptions-gracefully-desktop/video.webm
    ────────────────────────────────────────────────────────────────────────────────────────────────

    Error Context: ../test-results/homepage-Homepage-Tests-Cr-16f3f-rk-interruptions-gracefully-desktop/error-context.md

    Retry #1 ───────────────────────────────────────────────────────────────────────────────────────

    Error: locator.isVisible: Error: strict mode violation: getByRole('link', { name: 'About' }) resolved to 2 elements:
        1) <a href="/about" class="px-4 py-2 text-gray-700 hover:text-brand-600 hover:bg-brand-50 rounded-lg transition-all duration-200 font-medium">About</a> aka getByRole('link', { name: 'About', exact: true })
        2) <a href="/about" class="text-gray-300 hover:text-white transition-colors flex items-center group">…</a> aka getByRole('link', { name: 'About Us' })

    Call log:
        - checking visibility of getByRole('link', { name: 'About' })


      300 |       
      301 |       for (const element of recoveryElements) {
    > 302 |         if (await element.isVisible()) {
          |                           ^
      303 |           await expect(element).toBeVisible({ timeout: 10000 });
      304 |           break;
      305 |         }
        at /Users/JackEllis/MSA SITE/e2e/homepage.spec.ts:302:27

    attachment #1: screenshot (image/png) ──────────────────────────────────────────────────────────
    test-results/homepage-Homepage-Tests-Cr-16f3f-rk-interruptions-gracefully-desktop-retry1/test-failed-1.png
    ────────────────────────────────────────────────────────────────────────────────────────────────

    attachment #2: video (video/webm) ──────────────────────────────────────────────────────────────
    test-results/homepage-Homepage-Tests-Cr-16f3f-rk-interruptions-gracefully-desktop-retry1/video.webm
    ────────────────────────────────────────────────────────────────────────────────────────────────

    Error Context: ../test-results/homepage-Homepage-Tests-Cr-16f3f-rk-interruptions-gracefully-desktop-retry1/error-context.md

    attachment #4: trace (application/zip) ─────────────────────────────────────────────────────────
    test-results/homepage-Homepage-Tests-Cr-16f3f-rk-interruptions-gracefully-desktop-retry1/trace.zip
    Usage:

        npx playwright show-trace test-results/homepage-Homepage-Tests-Cr-16f3f-rk-interruptions-gracefully-desktop-retry1/trace.zip

    ────────────────────────────────────────────────────────────────────────────────────────────────
]]>
</failure>
<system-out>
[...]
<testsuite name="admin.spec.ts" timestamp="2025-08-18T17:57:08.474Z" hostname="mobile-android" tests="13" failures="0" skipped="13" time="0" errors="0">
<testcase name="Admin Panel Tests › Admin Authentication › should redirect to admin login when accessing admin dashboard without authentication" classname="admin.spec.ts" time="0">
<skipped>
</skipped>
</testcase>
<testcase name="Admin Panel Tests › Admin Authentication › should allow admin login with valid credentials" classname="admin.spec.ts" time="0">
<skipped>
</skipped>
</testcase>
<testcase name="Admin Panel Tests › Admin Authentication › should handle invalid admin credentials" classname="admin.spec.ts" time="0">
<skipped>
</skipped>
</testcase>
<testcase name="Admin Panel Tests › Admin Authentication › should display dashboard overview" classname="admin.spec.ts" time="0">
<skipped>
</skipped>
</testcase>
<testcase name="Admin Panel Tests › Admin Authentication › should navigate between admin tabs" classname="admin.spec.ts" time="0">
<skipped>
</skipped>
</testcase>
<testcase name="Admin Panel Tests › Admin Authentication › should display tenant management features" classname="admin.spec.ts" time="0">
<skipped>
</skipped>
</testcase>
<testcase name="Admin Panel Tests › Admin Authentication › should show property management interface" classname="admin.spec.ts" time="0">
<skipped>
</skipped>
</testcase>
<testcase name="Admin Panel Tests › Admin Authentication › should handle admin logout" classname="admin.spec.ts" time="0">
<skipped>
</skipped>
</testcase>
<testcase name="Admin Panel Tests › Admin Session Management › should require authentication for admin routes" classname="admin.spec.ts" time="0">
<skipped>
</skipped>
</testcase>
<testcase name="Admin Panel Tests › Admin Session Management › should maintain admin session across page reloads" classname="admin.spec.ts" time="0">
<skipped>
</skipped>
</testcase>
<testcase name="Contact Form Tests › should validate required fields" classname="admin.spec.ts" time="0">
<skipped>
</skipped>
</testcase>
<testcase name="Contact Form Tests › should submit contact form successfully" classname="admin.spec.ts" time="0">
<skipped>
</skipped>
</testcase>
<testcase name="Contact Form Mobile Tests › should handle contact form on mobile" classname="admin.spec.ts" time="0">
<skipped>
</skipped>
</testcase>
</testsuite>
<testsuite name="auth.spec.ts" timestamp="2025-08-18T17:57:08.474Z" hostname="mobile-android" tests="11" failures="0" skipped="11" time="0" errors="0">
<testcase name="Authentication Tests › User Registration › should display registration form" classname="auth.spec.ts" time="0">
<skipped>
</skipped>
</testcase>
<testcase name="Authentication Tests › User Registration › should validate form fields" classname="auth.spec.ts" time="0">
<skipped>
</skipped>
</testcase>
<testcase name="Authentication Tests › User Registration › should validate password confirmation" classname="auth.spec.ts" time="0">
<skipped>
</skipped>
</testcase>
<testcase name="Authentication Tests › User Login › should display login form" classname="auth.spec.ts" time="0">
<skipped>
</skipped>
</testcase>
<testcase name="Authentication Tests › User Login › should handle invalid credentials gracefully" classname="auth.spec.ts" time="0">
<skipped>
</skipped>
</testcase>
<testcase name="Authentication Tests › Authentication Navigation › should redirect to sign-in when accessing protected routes" classname="auth.spec.ts" time="0">
<skipped>
</skipped>
</testcase>
<testcase name="Authentication Tests › Authentication Navigation › should maintain returnUrl after authentication" classname="auth.spec.ts" time="0">
<skipped>
</skipped>
</testcase>
<testcase name="Authentication Tests › Authentication Navigation › should navigate between auth pages" classname="auth.spec.ts" time="0">
<skipped>
</skipped>
</testcase>
<testcase name="Authentication Tests › Password Visibility › should toggle password visibility" classname="auth.spec.ts" time="0">
<skipped>
</skipped>
</testcase>
<testcase name="Authentication Tests › Mobile Authentication › should display auth forms properly on mobile" classname="auth.spec.ts" time="0">
<skipped>
</skipped>
</testcase>
<testcase name="Authentication Tests › Mobile Authentication › should handle mobile keyboard properly" classname="auth.spec.ts" time="0">
<skipped>
</skipped>
</testcase>
</testsuite>
<testsuite name="homepage.spec.ts" timestamp="2025-08-18T17:57:08.474Z" hostname="mobile-android" tests="11" failures="0" skipped="11" time="0" errors="0">
<testcase name="Homepage Tests › Desktop › should load homepage successfully" classname="homepage.spec.ts" time="0">
<skipped>
</skipped>
</testcase>
<testcase name="Homepage Tests › Desktop › should display property cards" classname="homepage.spec.ts" time="0">
<skipped>
</skipped>
</testcase>
<testcase name="Homepage Tests › Desktop › should navigate to property details" classname="homepage.spec.ts" time="0">
<skipped>
</skipped>
</testcase>
<testcase name="Homepage Tests › Desktop › should show apply now functionality" classname="homepage.spec.ts" time="0">
<skipped>
</skipped>
</testcase>
<testcase name="Homepage Tests › Desktop › should navigate to about page" classname="homepage.spec.ts" time="0">
<skipped>
</skipped>
</testcase>
<testcase name="Homepage Tests › Desktop › should navigate to contact page" classname="homepage.spec.ts" time="0">
<skipped>
</skipped>
</testcase>
<testcase name="Homepage Tests › Mobile › should load homepage on mobile" classname="homepage.spec.ts" time="0">
<skipped>
</skipped>
</testcase>
<testcase name="Homepage Tests › Mobile › should display properties in mobile layout" classname="homepage.spec.ts" time="0">
<skipped>
</skipped>
</testcase>
<testcase name="Homepage Tests › Mobile › should handle mobile property application" classname="homepage.spec.ts" time="0">
<skipped>
</skipped>
</testcase>
<testcase name="Homepage Tests › Cross-device Features › should maintain session across page reloads" classname="homepage.spec.ts" time="0">
<skipped>
</skipped>
</testcase>
<testcase name="Homepage Tests › Cross-device Features › should handle network interruptions gracefully" classname="homepage.spec.ts" time="0">
<skipped>
</skipped>
</testcase>
</testsuite>
<testsuite name="live-site-global-functionality.spec.ts" timestamp="2025-08-18T17:57:08.474Z" hostname="mobile-android" tests="8" failures="0" skipped="8" time="0" errors="0">
<testcase name="🌍 MSA Properties Live Site - Global User Functionality › 🌐 should load live site successfully for global users" classname="live-site-global-functionality.spec.ts" time="0">
<skipped>
</skipped>
</testcase>
<testcase name="🌍 MSA Properties Live Site - Global User Functionality › 📧 should submit contact form and verify message reaches admins" classname="live-site-global-functionality.spec.ts" time="0">
<skipped>
</skipped>
</testcase>
<testcase name="🌍 MSA Properties Live Site - Global User Functionality › 🏠 should submit property application and verify it reaches admin dashboard" classname="live-site-global-functionality.spec.ts" time="0">
<skipped>
</skipped>
</testcase>
<testcase name="🌍 MSA Properties Live Site - Global User Functionality › 🔥 should verify Firebase real-time functionality for global users" classname="live-site-global-functionality.spec.ts" time="0">
<skipped>
</skipped>
</testcase>
<testcase name="🌍 MSA Properties Live Site - Global User Functionality › 📱 should work on mobile devices globally" classname="live-site-global-functionality.spec.ts" time="0">
<skipped>
</skipped>
</testcase>
<testcase name="🌍 MSA Properties Live Site - Global User Functionality › 🌍 should verify global accessibility and performance" classname="live-site-global-functionality.spec.ts" time="0">
<skipped>
</skipped>
</testcase>
<testcase name="🌍 MSA Properties Live Site - Global User Functionality › 🎯 should verify admin email delivery system" classname="live-site-global-functionality.spec.ts" time="0">
<skipped>
</skipped>
</testcase>
<testcase name="🚀 MSA Properties Live Site - Stress Testing › 🔄 should handle multiple concurrent users" classname="live-site-global-functionality.spec.ts" time="0">
<skipped>
</skipped>
</testcase>
</testsuite>
<testsuite name="property-upload.spec.ts" timestamp="2025-08-18T17:57:08.474Z" hostname="mobile-android" tests="8" failures="0" skipped="8" time="0" errors="0">
<testcase name="Property Upload Tests - Enhanced with Firebase Fixes › should successfully login to admin panel" classname="property-upload.spec.ts" time="0">
<skipped>
</skipped>
</testcase>
<testcase name="Property Upload Tests - Enhanced with Firebase Fixes › should test Firebase permissions and connection" classname="property-upload.spec.ts" time="0">
<skipped>
</skipped>
</testcase>
<testcase name="Property Upload Tests - Enhanced with Firebase Fixes › should display property management interface" classname="property-upload.spec.ts" time="0">
<skipped>
</skipped>
</testcase>
<testcase name="Property Upload Tests - Enhanced with Firebase Fixes › should open add property form and validate required fields" classname="property-upload.spec.ts" time="0">
<skipped>
</skipped>
</testcase>
<testcase name="Property Upload Tests - Enhanced with Firebase Fixes › should successfully create a test property with enhanced error handling" classname="property-upload.spec.ts" time="0">
<skipped>
</skipped>
</testcase>
<testcase name="Property Upload Tests - Enhanced with Firebase Fixes › should handle save timeout gracefully" classname="property-upload.spec.ts" time="0">
<skipped>
</skipped>
</testcase>
<testcase name="Property Upload Tests - Enhanced with Firebase Fixes › should verify localStorage persistence and real-time sync" classname="property-upload.spec.ts" time="0">
<skipped>
</skipped>
</testcase>
<testcase name="Property Upload Tests - Enhanced with Firebase Fixes › should verify no Firebase 400 errors or permission issues" classname="property-upload.spec.ts" time="0">
<skipped>
</skipped>
</testcase>
</testsuite>
<testsuite name="admin.spec.ts" timestamp="2025-08-18T17:57:08.474Z" hostname="tablet" tests="13" failures="0" skipped="13" time="0" errors="0">
<testcase name="Admin Panel Tests › Admin Authentication › should redirect to admin login when accessing admin dashboard without authentication" classname="admin.spec.ts" time="0">
<skipped>
</skipped>
</testcase>
<testcase name="Admin Panel Tests › Admin Authentication › should allow admin login with valid credentials" classname="admin.spec.ts" time="0">
<skipped>
</skipped>
</testcase>
<testcase name="Admin Panel Tests › Admin Authentication › should handle invalid admin credentials" classname="admin.spec.ts" time="0">
<skipped>
</skipped>
</testcase>
<testcase name="Admin Panel Tests › Admin Authentication › should display dashboard overview" classname="admin.spec.ts" time="0">
<skipped>
</skipped>
</testcase>
<testcase name="Admin Panel Tests › Admin Authentication › should navigate between admin tabs" classname="admin.spec.ts" time="0">
<skipped>
</skipped>
</testcase>
<testcase name="Admin Panel Tests › Admin Authentication › should display tenant management features" classname="admin.spec.ts" time="0">
<skipped>
</skipped>
</testcase>
<testcase name="Admin Panel Tests › Admin Authentication › should show property management interface" classname="admin.spec.ts" time="0">
<skipped>
</skipped>
</testcase>
<testcase name="Admin Panel Tests › Admin Authentication › should handle admin logout" classname="admin.spec.ts" time="0">
<skipped>
</skipped>
</testcase>
<testcase name="Admin Panel Tests › Admin Session Management › should require authentication for admin routes" classname="admin.spec.ts" time="0">
<skipped>
</skipped>
</testcase>
<testcase name="Admin Panel Tests › Admin Session Management › should maintain admin session across page reloads" classname="admin.spec.ts" time="0">
<skipped>
</skipped>
</testcase>
<testcase name="Contact Form Tests › should validate required fields" classname="admin.spec.ts" time="0">
<skipped>
</skipped>
</testcase>
<testcase name="Contact Form Tests › should submit contact form successfully" classname="admin.spec.ts" time="0">
<skipped>
</skipped>
</testcase>
<testcase name="Contact Form Mobile Tests › should handle contact form on mobile" classname="admin.spec.ts" time="0">
<skipped>
</skipped>
</testcase>
</testsuite>
<testsuite name="auth.spec.ts" timestamp="2025-08-18T17:57:08.474Z" hostname="tablet" tests="11" failures="0" skipped="11" time="0" errors="0">
<testcase name="Authentication Tests › User Registration › should display registration form" classname="auth.spec.ts" time="0">
<skipped>
</skipped>
</testcase>
<testcase name="Authentication Tests › User Registration › should validate form fields" classname="auth.spec.ts" time="0">
<skipped>
</skipped>
</testcase>
<testcase name="Authentication Tests › User Registration › should validate password confirmation" classname="auth.spec.ts" time="0">
<skipped>
</skipped>
</testcase>
<testcase name="Authentication Tests › User Login › should display login form" classname="auth.spec.ts" time="0">
<skipped>
</skipped>
</testcase>
<testcase name="Authentication Tests › User Login › should handle invalid credentials gracefully" classname="auth.spec.ts" time="0">
<skipped>
</skipped>
</testcase>
<testcase name="Authentication Tests › Authentication Navigation › should redirect to sign-in when accessing protected routes" classname="auth.spec.ts" time="0">
<skipped>
</skipped>
</testcase>
<testcase name="Authentication Tests › Authentication Navigation › should maintain returnUrl after authentication" classname="auth.spec.ts" time="0">
<skipped>
</skipped>
</testcase>
<testcase name="Authentication Tests › Authentication Navigation › should navigate between auth pages" classname="auth.spec.ts" time="0">
<skipped>
</skipped>
</testcase>
<testcase name="Authentication Tests › Password Visibility › should toggle password visibility" classname="auth.spec.ts" time="0">
<skipped>
</skipped>
</testcase>
<testcase name="Authentication Tests › Mobile Authentication › should display auth forms properly on mobile" classname="auth.spec.ts" time="0">
<skipped>
</skipped>
</testcase>
<testcase name="Authentication Tests › Mobile Authentication › should handle mobile keyboard properly" classname="auth.spec.ts" time="0">
<skipped>
</skipped>
</testcase>
</testsuite>
<testsuite name="homepage.spec.ts" timestamp="2025-08-18T17:57:08.474Z" hostname="tablet" tests="11" failures="0" skipped="11" time="0" errors="0">
<testcase name="Homepage Tests › Desktop › should load homepage successfully" classname="homepage.spec.ts" time="0">
<skipped>
</skipped>
</testcase>
<testcase name="Homepage Tests › Desktop › should display property cards" classname="homepage.spec.ts" time="0">
<skipped>
</skipped>
</testcase>
<testcase name="Homepage Tests › Desktop › should navigate to property details" classname="homepage.spec.ts" time="0">
<skipped>
</skipped>
</testcase>
<testcase name="Homepage Tests › Desktop › should show apply now functionality" classname="homepage.spec.ts" time="0">
<skipped>
</skipped>
</testcase>
<testcase name="Homepage Tests › Desktop › should navigate to about page" classname="homepage.spec.ts" time="0">
<skipped>
</skipped>
</testcase>
<testcase name="Homepage Tests › Desktop › should navigate to contact page" classname="homepage.spec.ts" time="0">
<skipped>
</skipped>
</testcase>
<testcase name="Homepage Tests › Mobile › should load homepage on mobile" classname="homepage.spec.ts" time="0">
<skipped>
</skipped>
</testcase>
<testcase name="Homepage Tests › Mobile › should display properties in mobile layout" classname="homepage.spec.ts" time="0">
<skipped>
</skipped>
</testcase>
<testcase name="Homepage Tests › Mobile › should handle mobile property application" classname="homepage.spec.ts" time="0">
<skipped>
</skipped>
</testcase>
<testcase name="Homepage Tests › Cross-device Features › should maintain session across page reloads" classname="homepage.spec.ts" time="0">
<skipped>
</skipped>
</testcase>
<testcase name="Homepage Tests › Cross-device Features › should handle network interruptions gracefully" classname="homepage.spec.ts" time="0">
<skipped>
</skipped>
</testcase>
</testsuite>
<testsuite name="live-site-global-functionality.spec.ts" timestamp="2025-08-18T17:57:08.474Z" hostname="tablet" tests="8" failures="0" skipped="8" time="0" errors="0">
<testcase name="🌍 MSA Properties Live Site - Global User Functionality › 🌐 should load live site successfully for global users" classname="live-site-global-functionality.spec.ts" time="0">
<skipped>
</skipped>
</testcase>
<testcase name="🌍 MSA Properties Live Site - Global User Functionality › 📧 should submit contact form and verify message reaches admins" classname="live-site-global-functionality.spec.ts" time="0">
<skipped>
</skipped>
</testcase>
<testcase name="🌍 MSA Properties Live Site - Global User Functionality › 🏠 should submit property application and verify it reaches admin dashboard" classname="live-site-global-functionality.spec.ts" time="0">
<skipped>
</skipped>
</testcase>
<testcase name="🌍 MSA Properties Live Site - Global User Functionality › 🔥 should verify Firebase real-time functionality for global users" classname="live-site-global-functionality.spec.ts" time="0">
<skipped>
</skipped>
</testcase>
<testcase name="🌍 MSA Properties Live Site - Global User Functionality › 📱 should work on mobile devices globally" classname="live-site-global-functionality.spec.ts" time="0">
<skipped>
</skipped>
</testcase>
<testcase name="🌍 MSA Properties Live Site - Global User Functionality › 🌍 should verify global accessibility and performance" classname="live-site-global-functionality.spec.ts" time="0">
<skipped>
</skipped>
</testcase>
<testcase name="🌍 MSA Properties Live Site - Global User Functionality › 🎯 should verify admin email delivery system" classname="live-site-global-functionality.spec.ts" time="0">
<skipped>
</skipped>
</testcase>
<testcase name="🚀 MSA Properties Live Site - Stress Testing › 🔄 should handle multiple concurrent users" classname="live-site-global-functionality.spec.ts" time="0">
<skipped>
</skipped>
</testcase>
</testsuite>
<testsuite name="property-upload.spec.ts" timestamp="2025-08-18T17:57:08.474Z" hostname="tablet" tests="8" failures="0" skipped="8" time="0" errors="0">
<testcase name="Property Upload Tests - Enhanced with Firebase Fixes › should successfully login to admin panel" classname="property-upload.spec.ts" time="0">
<skipped>
</skipped>
</testcase>
<testcase name="Property Upload Tests - Enhanced with Firebase Fixes › should test Firebase permissions and connection" classname="property-upload.spec.ts" time="0">
<skipped>
</skipped>
</testcase>
<testcase name="Property Upload Tests - Enhanced with Firebase Fixes › should display property management interface" classname="property-upload.spec.ts" time="0">
<skipped>
</skipped>
</testcase>
<testcase name="Property Upload Tests - Enhanced with Firebase Fixes › should open add property form and validate required fields" classname="property-upload.spec.ts" time="0">
<skipped>
</skipped>
</testcase>
<testcase name="Property Upload Tests - Enhanced with Firebase Fixes › should successfully create a test property with enhanced error handling" classname="property-upload.spec.ts" time="0">
<skipped>
</skipped>
</testcase>
<testcase name="Property Upload Tests - Enhanced with Firebase Fixes › should handle save timeout gracefully" classname="property-upload.spec.ts" time="0">
<skipped>
</skipped>
</testcase>
<testcase name="Property Upload Tests - Enhanced with Firebase Fixes › should verify localStorage persistence and real-time sync" classname="property-upload.spec.ts" time="0">
<skipped>
</skipped>
</testcase>
<testcase name="Property Upload Tests - Enhanced with Firebase Fixes › should verify no Firebase 400 errors or permission issues" classname="property-upload.spec.ts" time="0">
<skipped>
</skipped>
</testcase>
</testsuite>
</testsuites>