<testsuites id="" name="" tests="4" failures="0" skipped="0" errors="0" time="22.373273">
<testsuite name="admin.spec.ts" timestamp="2025-07-16T11:36:54.137Z" hostname="desktop" tests="3" failures="0" skipped="0" time="9.749" errors="0">
<testcase name="Contact Form Tests › should validate required fields" classname="admin.spec.ts" time="3.312">
</testcase>
<testcase name="Contact Form Tests › should submit contact form successfully" classname="admin.spec.ts" time="3.278">
</testcase>
<testcase name="Contact Form Mobile Tests › should handle contact form on mobile" classname="admin.spec.ts" time="3.159">
</testcase>
</testsuite>
<testsuite name="homepage.spec.ts" timestamp="2025-07-16T11:36:54.137Z" hostname="desktop" tests="1" failures="0" skipped="0" time="17.539" errors="0">
<testcase name="Homepage Tests › Desktop › should navigate to contact page" classname="homepage.spec.ts" time="17.539">
</testcase>
</testsuite>
</testsuites>